This file contains any messages produced by compilers while
running configure, to aid debugging if configure makes a mistake.

It was created by configure, which was
generated by GNU Autoconf 2.57.  Invocation command line was

  $ ./configure 

## --------- ##
## Platform. ##
## --------- ##

hostname = localhost.localdomain
uname -m = i686
uname -r = 2.4.22-1.2115.nptl
uname -s = Linux
uname -v = #1 Wed Oct 29 15:42:51 EST 2003

/usr/bin/uname -p = unknown
/bin/uname -X     = unknown

/bin/arch              = i686
/usr/bin/arch -k       = unknown
/usr/convex/getsysinfo = unknown
hostinfo               = unknown
/bin/machine           = unknown
/usr/bin/oslevel       = unknown
/bin/universe          = unknown

PATH: /usr/kerberos/bin
PATH: /usr/local/bin
PATH: /usr/bin
PATH: /bin
PATH: /usr/X11R6/bin
PATH: /usr/local/java/bin
PATH: /home/smitha/bin


## ----------- ##
## Core tests. ##
## ----------- ##

configure:1228: checking for bash
configure:1258: result: /bin/sh
configure:1267: checking for cygpath
configure:1294: result: cat
configure:1303: checking for wget
configure:1321: found /usr/bin/wget
configure:1333: result: /usr/bin/wget
configure:1347: checking for jikes
configure:1376: result: no
configure:1347: checking for javac
configure:1363: found /usr/local/java/bin/javac
configure:1373: result: javac
configure:1430: checking if javac works
configure:1444: javac  Test.java
configure:1447: $? = 0
configure:1460: result: yes
configure:1470: checking for kaffe
configure:1499: result: no
configure:1470: checking for java
configure:1486: found /usr/local/java/bin/java
configure:1496: result: java
configure:1555: checking for uudecode
configure:1584: result: no
configure:1621: WARNING: I have to compile Test.class from scratch
configure:1754: checking if java works
configure:1772: javac  Test.java
configure:1775: $? = 0
configure:1787: java  Test
configure:1790: $? = 0
configure:1803: result: yes
configure:1814: checking for jar
configure:1830: found /usr/bin/jar
configure:1840: result: jar
configure:1903: checking for javadoc
configure:1919: found /usr/local/java/bin/javadoc
configure:1929: result: javadoc
configure:1989: checking for ch.devzone.contract.doclet.Main class
configure:2045: javac  Test.java
Test.java:2: package ch.devzone.contract.doclet does not exist
import ch.devzone.contract.doclet.Main;
                                  ^
1 error
configure:2048: $? = 1
configure: failed program was:
/* #line 2038 "configure" */
import ch.devzone.contract.doclet.Main;
public class Test {

}
configure:2072: result: no
configure:2228: creating ./config.status

## ---------------------- ##
## Running config.status. ##
## ---------------------- ##

This file was extended by config.status, which was
generated by GNU Autoconf 2.57.  Invocation command line was

  CONFIG_FILES    = 
  CONFIG_HEADERS  = 
  CONFIG_LINKS    = 
  CONFIG_COMMANDS = 
  $ ./config.status 

on localhost.localdomain

config.status:624: creating Makefile
config.status:624: creating run
config.status:624: creating classpath
config.status:748: executing default commands

## ---------------- ##
## Cache variables. ##
## ---------------- ##

ac_cv_class_ch_devzone_contract_doclet_Main=no
ac_cv_env_build_alias_set=
ac_cv_env_build_alias_value=
ac_cv_env_host_alias_set=
ac_cv_env_host_alias_value=
ac_cv_env_target_alias_set=
ac_cv_env_target_alias_value=
ac_cv_path_BASH=/bin/sh
ac_cv_path_WGET=/usr/bin/wget
ac_cv_prog_CYGPATH=cat
ac_cv_prog_JAR=jar
ac_cv_prog_JAVA=java
ac_cv_prog_JAVAC=javac
ac_cv_prog_JAVADOC=javadoc
ac_cv_prog_java_works=yes
ac_cv_prog_javac_works=yes

## ----------------- ##
## Output variables. ##
## ----------------- ##

AJ_PATH_SEPARATOR=':'
BASH='/bin/sh'
BINDIR='bin'
CLASSPATH='/usr/local/classes:.'
CYGPATH='cat'
DEFS='-DPACKAGE_NAME=\"\" -DPACKAGE_TARNAME=\"\" -DPACKAGE_VERSION=\"\" -DPACKAGE_STRING=\"\" -DPACKAGE_BUGREPORT=\"\" '
DOCLET=''
ECHO_C=''
ECHO_N='-n'
ECHO_T=''
JAR='jar'
JAVA='java'
JAVAC='javac'
JAVACFLAGS=''
JAVADOC='javadoc'
JAVADOCDIR='javadoc'
JAVAFLAGS=''
JAVAPREFIX=''
JIKESPATH=''
LIBDIR='lib'
LIBOBJS=''
LIBS=''
LIBSFILE='libs'
LOCALDIR='local'
LTLIBOBJS=''
MANIFESTFILE='manifest'
PACKAGE_BUGREPORT=''
PACKAGE_NAME=''
PACKAGE_STRING=''
PACKAGE_TARNAME=''
PACKAGE_VERSION=''
PATH_SEPARATOR=':'
PROJECT='unnamed'
SHELL='/bin/sh'
SRCDIR='src'
TESTDIR='test'
TMPDIR='tmp'
WGET='/usr/bin/wget'
WWWDIR='www'
bindir='${exec_prefix}/bin'
build_alias=''
datadir='${prefix}/share'
exec_prefix='${prefix}'
host_alias=''
includedir='${prefix}/include'
infodir='${prefix}/info'
libdir='${exec_prefix}/lib'
libexecdir='${exec_prefix}/libexec'
localstatedir='${prefix}/var'
mandir='${prefix}/man'
oldincludedir='/usr/include'
prefix='/usr/local'
program_transform_name='s,x,x,'
sbindir='${exec_prefix}/sbin'
sharedstatedir='${prefix}/com'
sysconfdir='${prefix}/etc'
target_alias=''
uudecode=''

## ----------- ##
## confdefs.h. ##
## ----------- ##

#define PACKAGE_BUGREPORT ""
#define PACKAGE_NAME ""
#define PACKAGE_STRING ""
#define PACKAGE_TARNAME ""
#define PACKAGE_VERSION ""

configure: exit 0
