2003-12-30 18:01:51,501 INFO  org.apache.maven.changelog.AbstractChangeLogGenerator - SCM Working Directory: C:\opendbcopy
2003-12-30 18:01:51,511 INFO  org.apache.maven.changelog.AbstractChangeLogGenerator - SCM Command Line[0]: cvs
2003-12-30 18:01:51,511 INFO  org.apache.maven.changelog.AbstractChangeLogGenerator - SCM Command Line[1]: -d
2003-12-30 18:01:51,511 INFO  org.apache.maven.changelog.AbstractChangeLogGenerator - SCM Command Line[2]: :pserver:anonymous@cvs.sourceforge.net:/cvsroot/opendbcopy
2003-12-30 18:01:51,511 INFO  org.apache.maven.changelog.AbstractChangeLogGenerator - SCM Command Line[3]: log
2003-12-30 18:01:51,511 INFO  org.apache.maven.changelog.AbstractChangeLogGenerator - SCM Command Line[4]: -d 2003-11-30<2003-12-31
2003-12-30 18:01:51,511 WARN  org.apache.maven.cvslib.CvsChangeLogGenerator - Unable to find cvs executable. Changelog will be empty
2003-12-30 18:01:51,511 INFO  org.apache.maven.changelog.ChangeLog - ChangeLog found: 0 entries
2003-12-30 18:02:05,581 WARN  org.apache.commons.jelly.tags.ant.AntTag - Could not convert tag: document into an Ant task, data type or property
2003-12-30 18:02:05,581 WARN  org.apache.commons.jelly.tags.ant.AntTag - Could not convert tag: properties into an Ant task, data type or property
2003-12-30 18:02:05,581 WARN  org.apache.commons.jelly.tags.ant.AntTag - Could not convert tag: title into an Ant task, data type or property
2003-12-30 18:02:05,581 WARN  org.apache.commons.jelly.tags.ant.AntTag - Could not convert tag: body into an Ant task, data type or property
2003-12-30 18:02:05,581 WARN  org.apache.commons.jelly.tags.ant.AntTag - Could not convert tag: section into an Ant task, data type or property
2003-12-30 18:02:05,581 WARN  org.apache.commons.jelly.tags.ant.AntTag - Could not convert tag: p into an Ant task, data type or property
2003-12-30 18:02:05,581 WARN  org.apache.commons.jelly.tags.ant.AntTag - Could not convert tag: source into an Ant task, data type or property
2003-12-30 18:02:13,452 INFO  org.apache.commons.jelly.tags.log.InfoTag - About to use JSL stylesheet file:/C:/Dokumente und Einstellungen/Administrator/.maven/plugins/maven-xdoc-plugin-1.4/plugin-resources/site.jsl
2003-12-30 18:02:14,714 WARN  org.apache.commons.jelly.tags.ant.AntTag - Could not convert tag: a into an Ant task, data type or property
2003-12-30 18:02:14,724 WARN  org.apache.commons.jelly.tags.ant.AntTag - Could not convert tag: img into an Ant task, data type or property
2003-12-30 18:02:15,205 WARN  org.apache.commons.jelly.tags.ant.AntTag - Could not convert tag: a into an Ant task, data type or property
2003-12-30 18:02:15,205 WARN  org.apache.commons.jelly.tags.ant.AntTag - Could not convert tag: img into an Ant task, data type or property
2003-12-30 18:02:15,215 WARN  org.apache.commons.jelly.tags.ant.AntTag - Could not convert tag: a into an Ant task, data type or property
2003-12-30 18:02:15,215 WARN  org.apache.commons.jelly.tags.ant.AntTag - Could not convert tag: img into an Ant task, data type or property
2003-12-30 18:02:15,215 WARN  org.apache.commons.jelly.tags.ant.AntTag - Could not convert tag: a into an Ant task, data type or property
2003-12-30 18:02:15,215 WARN  org.apache.commons.jelly.tags.ant.AntTag - Could not convert tag: img into an Ant task, data type or property
2003-12-30 18:02:15,225 WARN  org.apache.commons.jelly.tags.ant.AntTag - Could not convert tag: a into an Ant task, data type or property
2003-12-30 18:02:15,225 WARN  org.apache.commons.jelly.tags.ant.AntTag - Could not convert tag: img into an Ant task, data type or property
2003-12-30 18:02:15,225 WARN  org.apache.commons.jelly.tags.ant.AntTag - Could not convert tag: a into an Ant task, data type or property
2003-12-30 18:02:15,225 WARN  org.apache.commons.jelly.tags.ant.AntTag - Could not convert tag: img into an Ant task, data type or property
2003-12-30 18:02:15,225 WARN  org.apache.commons.jelly.tags.ant.AntTag - Could not convert tag: a into an Ant task, data type or property
2003-12-30 18:02:15,225 WARN  org.apache.commons.jelly.tags.ant.AntTag - Could not convert tag: img into an Ant task, data type or property
2003-12-30 18:02:15,235 WARN  org.apache.commons.jelly.tags.ant.AntTag - Could not convert tag: a into an Ant task, data type or property
2003-12-30 18:02:15,235 WARN  org.apache.commons.jelly.tags.ant.AntTag - Could not convert tag: img into an Ant task, data type or property
2003-12-30 18:02:15,235 WARN  org.apache.commons.jelly.tags.ant.AntTag - Could not convert tag: a into an Ant task, data type or property
2003-12-30 18:02:15,235 WARN  org.apache.commons.jelly.tags.ant.AntTag - Could not convert tag: img into an Ant task, data type or property
2003-12-30 18:02:15,235 WARN  org.apache.commons.jelly.tags.ant.AntTag - Could not convert tag: a into an Ant task, data type or property
2003-12-30 18:02:15,235 WARN  org.apache.commons.jelly.tags.ant.AntTag - Could not convert tag: img into an Ant task, data type or property
2003-12-30 18:02:15,235 WARN  org.apache.commons.jelly.tags.ant.AntTag - Could not convert tag: a into an Ant task, data type or property
2003-12-30 18:02:15,235 WARN  org.apache.commons.jelly.tags.ant.AntTag - Could not convert tag: img into an Ant task, data type or property
2003-12-30 18:02:15,255 WARN  org.apache.commons.jelly.tags.ant.AntTag - Could not convert tag: a into an Ant task, data type or property
2003-12-30 18:02:15,255 WARN  org.apache.commons.jelly.tags.ant.AntTag - Could not convert tag: img into an Ant task, data type or property
2003-12-30 18:02:15,255 WARN  org.apache.commons.jelly.tags.ant.AntTag - Could not convert tag: a into an Ant task, data type or property
2003-12-30 18:02:15,255 WARN  org.apache.commons.jelly.tags.ant.AntTag - Could not convert tag: img into an Ant task, data type or property
2003-12-30 18:02:15,605 WARN  org.apache.commons.jelly.tags.ant.AntTag - Could not convert tag: a into an Ant task, data type or property
2003-12-30 18:02:15,605 WARN  org.apache.commons.jelly.tags.ant.AntTag - Could not convert tag: img into an Ant task, data type or property
2003-12-30 18:02:15,605 WARN  org.apache.commons.jelly.tags.ant.AntTag - Could not convert tag: a into an Ant task, data type or property
2003-12-30 18:02:15,605 WARN  org.apache.commons.jelly.tags.ant.AntTag - Could not convert tag: img into an Ant task, data type or property
2003-12-30 18:02:15,615 WARN  org.apache.commons.jelly.tags.ant.AntTag - Could not convert tag: a into an Ant task, data type or property
2003-12-30 18:02:15,615 WARN  org.apache.commons.jelly.tags.ant.AntTag - Could not convert tag: img into an Ant task, data type or property
2003-12-30 18:02:15,615 WARN  org.apache.commons.jelly.tags.ant.AntTag - Could not convert tag: a into an Ant task, data type or property
2003-12-30 18:02:15,625 WARN  org.apache.commons.jelly.tags.ant.AntTag - Could not convert tag: img into an Ant task, data type or property
2003-12-30 18:02:15,625 WARN  org.apache.commons.jelly.tags.ant.AntTag - Could not convert tag: a into an Ant task, data type or property
2003-12-30 18:02:15,625 WARN  org.apache.commons.jelly.tags.ant.AntTag - Could not convert tag: img into an Ant task, data type or property
2003-12-30 18:02:15,625 WARN  org.apache.commons.jelly.tags.ant.AntTag - Could not convert tag: a into an Ant task, data type or property
2003-12-30 18:02:15,625 WARN  org.apache.commons.jelly.tags.ant.AntTag - Could not convert tag: img into an Ant task, data type or property
2003-12-30 18:02:15,635 WARN  org.apache.commons.jelly.tags.ant.AntTag - Could not convert tag: a into an Ant task, data type or property
2003-12-30 18:02:15,635 WARN  org.apache.commons.jelly.tags.ant.AntTag - Could not convert tag: img into an Ant task, data type or property
2003-12-30 18:02:15,635 WARN  org.apache.commons.jelly.tags.ant.AntTag - Could not convert tag: a into an Ant task, data type or property
2003-12-30 18:02:15,635 WARN  org.apache.commons.jelly.tags.ant.AntTag - Could not convert tag: img into an Ant task, data type or property
2003-12-30 18:02:15,635 WARN  org.apache.commons.jelly.tags.ant.AntTag - Could not convert tag: a into an Ant task, data type or property
2003-12-30 18:02:15,635 WARN  org.apache.commons.jelly.tags.ant.AntTag - Could not convert tag: img into an Ant task, data type or property
2003-12-30 18:02:15,635 WARN  org.apache.commons.jelly.tags.ant.AntTag - Could not convert tag: a into an Ant task, data type or property
2003-12-30 18:02:15,645 WARN  org.apache.commons.jelly.tags.ant.AntTag - Could not convert tag: img into an Ant task, data type or property
2003-12-30 18:02:15,645 WARN  org.apache.commons.jelly.tags.ant.AntTag - Could not convert tag: a into an Ant task, data type or property
2003-12-30 18:02:15,645 WARN  org.apache.commons.jelly.tags.ant.AntTag - Could not convert tag: img into an Ant task, data type or property
2003-12-30 18:02:15,645 WARN  org.apache.commons.jelly.tags.ant.AntTag - Could not convert tag: a into an Ant task, data type or property
2003-12-30 18:02:15,645 WARN  org.apache.commons.jelly.tags.ant.AntTag - Could not convert tag: img into an Ant task, data type or property
2003-12-30 18:02:15,645 WARN  org.apache.commons.jelly.tags.ant.AntTag - Could not convert tag: a into an Ant task, data type or property
2003-12-30 18:02:15,645 WARN  org.apache.commons.jelly.tags.ant.AntTag - Could not convert tag: img into an Ant task, data type or property
2003-12-30 18:02:19,892 WARN  org.apache.commons.jelly.tags.ant.AntTag - Could not convert tag: a into an Ant task, data type or property
2003-12-30 18:02:19,892 WARN  org.apache.commons.jelly.tags.ant.AntTag - Could not convert tag: img into an Ant task, data type or property
2003-12-30 18:02:19,902 WARN  org.apache.commons.jelly.tags.ant.AntTag - Could not convert tag: a into an Ant task, data type or property
2003-12-30 18:02:19,902 WARN  org.apache.commons.jelly.tags.ant.AntTag - Could not convert tag: img into an Ant task, data type or property
2003-12-30 18:02:19,902 WARN  org.apache.commons.jelly.tags.ant.AntTag - Could not convert tag: a into an Ant task, data type or property
2003-12-30 18:02:19,902 WARN  org.apache.commons.jelly.tags.ant.AntTag - Could not convert tag: img into an Ant task, data type or property
2003-12-30 18:02:19,902 WARN  org.apache.commons.jelly.tags.ant.AntTag - Could not convert tag: a into an Ant task, data type or property
2003-12-30 18:02:19,902 WARN  org.apache.commons.jelly.tags.ant.AntTag - Could not convert tag: img into an Ant task, data type or property
2003-12-30 18:02:19,902 WARN  org.apache.commons.jelly.tags.ant.AntTag - Could not convert tag: a into an Ant task, data type or property
2003-12-30 18:02:19,902 WARN  org.apache.commons.jelly.tags.ant.AntTag - Could not convert tag: img into an Ant task, data type or property
2003-12-30 18:02:19,912 WARN  org.apache.commons.jelly.tags.ant.AntTag - Could not convert tag: a into an Ant task, data type or property
2003-12-30 18:02:19,912 WARN  org.apache.commons.jelly.tags.ant.AntTag - Could not convert tag: img into an Ant task, data type or property
2003-12-30 18:02:19,912 WARN  org.apache.commons.jelly.tags.ant.AntTag - Could not convert tag: a into an Ant task, data type or property
2003-12-30 18:02:19,912 WARN  org.apache.commons.jelly.tags.ant.AntTag - Could not convert tag: img into an Ant task, data type or property
2003-12-30 18:02:19,912 WARN  org.apache.commons.jelly.tags.ant.AntTag - Could not convert tag: a into an Ant task, data type or property
2003-12-30 18:02:19,912 WARN  org.apache.commons.jelly.tags.ant.AntTag - Could not convert tag: img into an Ant task, data type or property
2003-12-30 18:02:19,912 WARN  org.apache.commons.jelly.tags.ant.AntTag - Could not convert tag: a into an Ant task, data type or property
2003-12-30 18:02:19,912 WARN  org.apache.commons.jelly.tags.ant.AntTag - Could not convert tag: img into an Ant task, data type or property
2003-12-30 18:02:20,002 WARN  org.apache.commons.jelly.tags.ant.AntTag - Could not convert tag: a into an Ant task, data type or property
2003-12-30 18:02:20,002 WARN  org.apache.commons.jelly.tags.ant.AntTag - Could not convert tag: img into an Ant task, data type or property
2003-12-30 18:02:20,012 WARN  org.apache.commons.jelly.tags.ant.AntTag - Could not convert tag: a into an Ant task, data type or property
2003-12-30 18:02:20,012 WARN  org.apache.commons.jelly.tags.ant.AntTag - Could not convert tag: img into an Ant task, data type or property
2003-12-30 18:02:20,012 WARN  org.apache.commons.jelly.tags.ant.AntTag - Could not convert tag: a into an Ant task, data type or property
2003-12-30 18:02:20,012 WARN  org.apache.commons.jelly.tags.ant.AntTag - Could not convert tag: img into an Ant task, data type or property
2003-12-30 18:02:20,012 WARN  org.apache.commons.jelly.tags.ant.AntTag - Could not convert tag: a into an Ant task, data type or property
2003-12-30 18:02:20,012 WARN  org.apache.commons.jelly.tags.ant.AntTag - Could not convert tag: img into an Ant task, data type or property
2003-12-30 18:02:20,012 WARN  org.apache.commons.jelly.tags.ant.AntTag - Could not convert tag: a into an Ant task, data type or property
2003-12-30 18:02:20,012 WARN  org.apache.commons.jelly.tags.ant.AntTag - Could not convert tag: img into an Ant task, data type or property
2003-12-30 18:02:20,022 WARN  org.apache.commons.jelly.tags.ant.AntTag - Could not convert tag: a into an Ant task, data type or property
2003-12-30 18:02:20,022 WARN  org.apache.commons.jelly.tags.ant.AntTag - Could not convert tag: img into an Ant task, data type or property
2003-12-30 18:02:20,022 WARN  org.apache.commons.jelly.tags.ant.AntTag - Could not convert tag: a into an Ant task, data type or property
2003-12-30 18:02:20,022 WARN  org.apache.commons.jelly.tags.ant.AntTag - Could not convert tag: img into an Ant task, data type or property
2003-12-30 18:02:20,022 WARN  org.apache.commons.jelly.tags.ant.AntTag - Could not convert tag: a into an Ant task, data type or property
2003-12-30 18:02:20,022 WARN  org.apache.commons.jelly.tags.ant.AntTag - Could not convert tag: img into an Ant task, data type or property
2003-12-30 18:02:20,022 WARN  org.apache.commons.jelly.tags.ant.AntTag - Could not convert tag: a into an Ant task, data type or property
2003-12-30 18:02:20,022 WARN  org.apache.commons.jelly.tags.ant.AntTag - Could not convert tag: img into an Ant task, data type or property
2003-12-30 18:02:20,102 WARN  org.apache.commons.jelly.tags.ant.AntTag - Could not convert tag: a into an Ant task, data type or property
2003-12-30 18:02:20,102 WARN  org.apache.commons.jelly.tags.ant.AntTag - Could not convert tag: img into an Ant task, data type or property
2003-12-30 18:02:20,102 WARN  org.apache.commons.jelly.tags.ant.AntTag - Could not convert tag: a into an Ant task, data type or property
2003-12-30 18:02:20,102 WARN  org.apache.commons.jelly.tags.ant.AntTag - Could not convert tag: img into an Ant task, data type or property
2003-12-30 18:02:20,102 WARN  org.apache.commons.jelly.tags.ant.AntTag - Could not convert tag: a into an Ant task, data type or property
2003-12-30 18:02:20,102 WARN  org.apache.commons.jelly.tags.ant.AntTag - Could not convert tag: img into an Ant task, data type or property
2003-12-30 18:02:20,112 WARN  org.apache.commons.jelly.tags.ant.AntTag - Could not convert tag: a into an Ant task, data type or property
2003-12-30 18:02:20,112 WARN  org.apache.commons.jelly.tags.ant.AntTag - Could not convert tag: img into an Ant task, data type or property
2003-12-30 18:02:20,112 WARN  org.apache.commons.jelly.tags.ant.AntTag - Could not convert tag: a into an Ant task, data type or property
2003-12-30 18:02:20,112 WARN  org.apache.commons.jelly.tags.ant.AntTag - Could not convert tag: img into an Ant task, data type or property
2003-12-30 18:02:20,112 WARN  org.apache.commons.jelly.tags.ant.AntTag - Could not convert tag: a into an Ant task, data type or property
2003-12-30 18:02:20,112 WARN  org.apache.commons.jelly.tags.ant.AntTag - Could not convert tag: img into an Ant task, data type or property
2003-12-30 18:02:20,112 WARN  org.apache.commons.jelly.tags.ant.AntTag - Could not convert tag: a into an Ant task, data type or property
2003-12-30 18:02:20,112 WARN  org.apache.commons.jelly.tags.ant.AntTag - Could not convert tag: img into an Ant task, data type or property
2003-12-30 18:02:20,112 WARN  org.apache.commons.jelly.tags.ant.AntTag - Could not convert tag: a into an Ant task, data type or property
2003-12-30 18:02:20,112 WARN  org.apache.commons.jelly.tags.ant.AntTag - Could not convert tag: img into an Ant task, data type or property
2003-12-30 18:02:20,122 WARN  org.apache.commons.jelly.tags.ant.AntTag - Could not convert tag: a into an Ant task, data type or property
2003-12-30 18:02:20,122 WARN  org.apache.commons.jelly.tags.ant.AntTag - Could not convert tag: img into an Ant task, data type or property
2003-12-30 18:02:20,122 WARN  org.apache.commons.jelly.tags.ant.AntTag - Could not convert tag: a into an Ant task, data type or property
2003-12-30 18:02:20,122 WARN  org.apache.commons.jelly.tags.ant.AntTag - Could not convert tag: img into an Ant task, data type or property
2003-12-30 18:02:20,122 WARN  org.apache.commons.jelly.tags.ant.AntTag - Could not convert tag: a into an Ant task, data type or property
2003-12-30 18:02:20,122 WARN  org.apache.commons.jelly.tags.ant.AntTag - Could not convert tag: img into an Ant task, data type or property
2003-12-30 18:02:20,122 WARN  org.apache.commons.jelly.tags.ant.AntTag - Could not convert tag: a into an Ant task, data type or property
2003-12-30 18:02:20,122 WARN  org.apache.commons.jelly.tags.ant.AntTag - Could not convert tag: img into an Ant task, data type or property
2003-12-30 18:02:20,122 WARN  org.apache.commons.jelly.tags.ant.AntTag - Could not convert tag: a into an Ant task, data type or property
2003-12-30 18:02:20,122 WARN  org.apache.commons.jelly.tags.ant.AntTag - Could not convert tag: img into an Ant task, data type or property
2003-12-30 18:02:20,192 WARN  org.apache.commons.jelly.tags.ant.AntTag - Could not convert tag: a into an Ant task, data type or property
2003-12-30 18:02:20,192 WARN  org.apache.commons.jelly.tags.ant.AntTag - Could not convert tag: img into an Ant task, data type or property
2003-12-30 18:02:20,202 WARN  org.apache.commons.jelly.tags.ant.AntTag - Could not convert tag: a into an Ant task, data type or property
2003-12-30 18:02:20,202 WARN  org.apache.commons.jelly.tags.ant.AntTag - Could not convert tag: img into an Ant task, data type or property
2003-12-30 18:02:20,212 WARN  org.apache.commons.jelly.tags.ant.AntTag - Could not convert tag: a into an Ant task, data type or property
2003-12-30 18:02:20,212 WARN  org.apache.commons.jelly.tags.ant.AntTag - Could not convert tag: img into an Ant task, data type or property
2003-12-30 18:02:20,212 WARN  org.apache.commons.jelly.tags.ant.AntTag - Could not convert tag: a into an Ant task, data type or property
2003-12-30 18:02:20,212 WARN  org.apache.commons.jelly.tags.ant.AntTag - Could not convert tag: img into an Ant task, data type or property
2003-12-30 18:02:20,212 WARN  org.apache.commons.jelly.tags.ant.AntTag - Could not convert tag: a into an Ant task, data type or property
2003-12-30 18:02:20,222 WARN  org.apache.commons.jelly.tags.ant.AntTag - Could not convert tag: img into an Ant task, data type or property
2003-12-30 18:02:20,222 WARN  org.apache.commons.jelly.tags.ant.AntTag - Could not convert tag: a into an Ant task, data type or property
2003-12-30 18:02:20,222 WARN  org.apache.commons.jelly.tags.ant.AntTag - Could not convert tag: img into an Ant task, data type or property
2003-12-30 18:02:20,222 WARN  org.apache.commons.jelly.tags.ant.AntTag - Could not convert tag: a into an Ant task, data type or property
2003-12-30 18:02:20,222 WARN  org.apache.commons.jelly.tags.ant.AntTag - Could not convert tag: img into an Ant task, data type or property
2003-12-30 18:02:20,222 WARN  org.apache.commons.jelly.tags.ant.AntTag - Could not convert tag: a into an Ant task, data type or property
2003-12-30 18:02:20,222 WARN  org.apache.commons.jelly.tags.ant.AntTag - Could not convert tag: img into an Ant task, data type or property
2003-12-30 18:02:20,222 WARN  org.apache.commons.jelly.tags.ant.AntTag - Could not convert tag: a into an Ant task, data type or property
2003-12-30 18:02:20,222 WARN  org.apache.commons.jelly.tags.ant.AntTag - Could not convert tag: img into an Ant task, data type or property
2003-12-30 18:02:20,232 WARN  org.apache.commons.jelly.tags.ant.AntTag - Could not convert tag: a into an Ant task, data type or property
2003-12-30 18:02:20,232 WARN  org.apache.commons.jelly.tags.ant.AntTag - Could not convert tag: img into an Ant task, data type or property
2003-12-30 18:02:20,232 WARN  org.apache.commons.jelly.tags.ant.AntTag - Could not convert tag: a into an Ant task, data type or property
2003-12-30 18:02:20,232 WARN  org.apache.commons.jelly.tags.ant.AntTag - Could not convert tag: img into an Ant task, data type or property
2003-12-30 18:02:20,232 WARN  org.apache.commons.jelly.tags.ant.AntTag - Could not convert tag: a into an Ant task, data type or property
2003-12-30 18:02:20,232 WARN  org.apache.commons.jelly.tags.ant.AntTag - Could not convert tag: img into an Ant task, data type or property
2003-12-30 18:02:20,232 WARN  org.apache.commons.jelly.tags.ant.AntTag - Could not convert tag: a into an Ant task, data type or property
2003-12-30 18:02:20,232 WARN  org.apache.commons.jelly.tags.ant.AntTag - Could not convert tag: img into an Ant task, data type or property
2003-12-30 18:02:20,302 WARN  org.apache.commons.jelly.tags.ant.AntTag - Could not convert tag: a into an Ant task, data type or property
2003-12-30 18:02:20,302 WARN  org.apache.commons.jelly.tags.ant.AntTag - Could not convert tag: img into an Ant task, data type or property
2003-12-30 18:02:20,302 WARN  org.apache.commons.jelly.tags.ant.AntTag - Could not convert tag: a into an Ant task, data type or property
2003-12-30 18:02:20,302 WARN  org.apache.commons.jelly.tags.ant.AntTag - Could not convert tag: img into an Ant task, data type or property
2003-12-30 18:02:20,312 WARN  org.apache.commons.jelly.tags.ant.AntTag - Could not convert tag: a into an Ant task, data type or property
2003-12-30 18:02:20,312 WARN  org.apache.commons.jelly.tags.ant.AntTag - Could not convert tag: img into an Ant task, data type or property
2003-12-30 18:02:20,312 WARN  org.apache.commons.jelly.tags.ant.AntTag - Could not convert tag: a into an Ant task, data type or property
2003-12-30 18:02:20,312 WARN  org.apache.commons.jelly.tags.ant.AntTag - Could not convert tag: img into an Ant task, data type or property
2003-12-30 18:02:20,392 WARN  org.apache.commons.jelly.tags.ant.AntTag - Could not convert tag: a into an Ant task, data type or property
2003-12-30 18:02:20,392 WARN  org.apache.commons.jelly.tags.ant.AntTag - Could not convert tag: img into an Ant task, data type or property
2003-12-30 18:02:20,392 WARN  org.apache.commons.jelly.tags.ant.AntTag - Could not convert tag: a into an Ant task, data type or property
2003-12-30 18:02:20,392 WARN  org.apache.commons.jelly.tags.ant.AntTag - Could not convert tag: img into an Ant task, data type or property
2003-12-30 18:02:20,402 WARN  org.apache.commons.jelly.tags.ant.AntTag - Could not convert tag: a into an Ant task, data type or property
2003-12-30 18:02:20,402 WARN  org.apache.commons.jelly.tags.ant.AntTag - Could not convert tag: img into an Ant task, data type or property
2003-12-30 18:02:20,402 WARN  org.apache.commons.jelly.tags.ant.AntTag - Could not convert tag: a into an Ant task, data type or property
2003-12-30 18:02:20,402 WARN  org.apache.commons.jelly.tags.ant.AntTag - Could not convert tag: img into an Ant task, data type or property
2003-12-30 18:02:20,402 WARN  org.apache.commons.jelly.tags.ant.AntTag - Could not convert tag: a into an Ant task, data type or property
2003-12-30 18:02:20,402 WARN  org.apache.commons.jelly.tags.ant.AntTag - Could not convert tag: img into an Ant task, data type or property
2003-12-30 18:02:20,402 WARN  org.apache.commons.jelly.tags.ant.AntTag - Could not convert tag: a into an Ant task, data type or property
2003-12-30 18:02:20,402 WARN  org.apache.commons.jelly.tags.ant.AntTag - Could not convert tag: img into an Ant task, data type or property
2003-12-30 18:02:20,402 WARN  org.apache.commons.jelly.tags.ant.AntTag - Could not convert tag: a into an Ant task, data type or property
2003-12-30 18:02:20,402 WARN  org.apache.commons.jelly.tags.ant.AntTag - Could not convert tag: img into an Ant task, data type or property
2003-12-30 18:02:20,412 WARN  org.apache.commons.jelly.tags.ant.AntTag - Could not convert tag: a into an Ant task, data type or property
2003-12-30 18:02:20,412 WARN  org.apache.commons.jelly.tags.ant.AntTag - Could not convert tag: img into an Ant task, data type or property
2003-12-30 18:02:20,412 WARN  org.apache.commons.jelly.tags.ant.AntTag - Could not convert tag: a into an Ant task, data type or property
2003-12-30 18:02:20,412 WARN  org.apache.commons.jelly.tags.ant.AntTag - Could not convert tag: img into an Ant task, data type or property
2003-12-30 18:02:20,482 WARN  org.apache.commons.jelly.tags.ant.AntTag - Could not convert tag: a into an Ant task, data type or property
2003-12-30 18:02:20,482 WARN  org.apache.commons.jelly.tags.ant.AntTag - Could not convert tag: img into an Ant task, data type or property
2003-12-30 18:02:20,502 WARN  org.apache.commons.jelly.tags.ant.AntTag - Could not convert tag: a into an Ant task, data type or property
2003-12-30 18:02:20,502 WARN  org.apache.commons.jelly.tags.ant.AntTag - Could not convert tag: img into an Ant task, data type or property
2003-12-30 18:02:20,502 WARN  org.apache.commons.jelly.tags.ant.AntTag - Could not convert tag: a into an Ant task, data type or property
2003-12-30 18:02:20,502 WARN  org.apache.commons.jelly.tags.ant.AntTag - Could not convert tag: img into an Ant task, data type or property
2003-12-30 18:02:20,502 WARN  org.apache.commons.jelly.tags.ant.AntTag - Could not convert tag: a into an Ant task, data type or property
2003-12-30 18:02:20,502 WARN  org.apache.commons.jelly.tags.ant.AntTag - Could not convert tag: img into an Ant task, data type or property
2003-12-30 18:02:20,512 WARN  org.apache.commons.jelly.tags.ant.AntTag - Could not convert tag: a into an Ant task, data type or property
2003-12-30 18:02:20,512 WARN  org.apache.commons.jelly.tags.ant.AntTag - Could not convert tag: img into an Ant task, data type or property
2003-12-30 18:02:20,512 WARN  org.apache.commons.jelly.tags.ant.AntTag - Could not convert tag: a into an Ant task, data type or property
2003-12-30 18:02:20,512 WARN  org.apache.commons.jelly.tags.ant.AntTag - Could not convert tag: img into an Ant task, data type or property
2003-12-30 18:02:20,512 WARN  org.apache.commons.jelly.tags.ant.AntTag - Could not convert tag: a into an Ant task, data type or property
2003-12-30 18:02:20,512 WARN  org.apache.commons.jelly.tags.ant.AntTag - Could not convert tag: img into an Ant task, data type or property
2003-12-30 18:02:20,512 WARN  org.apache.commons.jelly.tags.ant.AntTag - Could not convert tag: a into an Ant task, data type or property
2003-12-30 18:02:20,512 WARN  org.apache.commons.jelly.tags.ant.AntTag - Could not convert tag: img into an Ant task, data type or property
2003-12-30 18:02:20,512 WARN  org.apache.commons.jelly.tags.ant.AntTag - Could not convert tag: a into an Ant task, data type or property
2003-12-30 18:02:20,512 WARN  org.apache.commons.jelly.tags.ant.AntTag - Could not convert tag: img into an Ant task, data type or property
2003-12-30 18:02:20,522 WARN  org.apache.commons.jelly.tags.ant.AntTag - Could not convert tag: a into an Ant task, data type or property
2003-12-30 18:02:20,522 WARN  org.apache.commons.jelly.tags.ant.AntTag - Could not convert tag: img into an Ant task, data type or property
2003-12-30 18:02:20,522 WARN  org.apache.commons.jelly.tags.ant.AntTag - Could not convert tag: a into an Ant task, data type or property
2003-12-30 18:02:20,522 WARN  org.apache.commons.jelly.tags.ant.AntTag - Could not convert tag: img into an Ant task, data type or property
2003-12-30 18:02:20,522 WARN  org.apache.commons.jelly.tags.ant.AntTag - Could not convert tag: a into an Ant task, data type or property
2003-12-30 18:02:20,522 WARN  org.apache.commons.jelly.tags.ant.AntTag - Could not convert tag: img into an Ant task, data type or property
2003-12-30 18:02:20,522 WARN  org.apache.commons.jelly.tags.ant.AntTag - Could not convert tag: a into an Ant task, data type or property
2003-12-30 18:02:20,522 WARN  org.apache.commons.jelly.tags.ant.AntTag - Could not convert tag: img into an Ant task, data type or property
2003-12-30 18:02:20,603 WARN  org.apache.commons.jelly.tags.ant.AntTag - Could not convert tag: a into an Ant task, data type or property
2003-12-30 18:02:20,603 WARN  org.apache.commons.jelly.tags.ant.AntTag - Could not convert tag: img into an Ant task, data type or property
2003-12-30 18:02:20,603 WARN  org.apache.commons.jelly.tags.ant.AntTag - Could not convert tag: a into an Ant task, data type or property
2003-12-30 18:02:20,603 WARN  org.apache.commons.jelly.tags.ant.AntTag - Could not convert tag: img into an Ant task, data type or property
2003-12-30 18:02:20,613 WARN  org.apache.commons.jelly.tags.ant.AntTag - Could not convert tag: a into an Ant task, data type or property
2003-12-30 18:02:20,613 WARN  org.apache.commons.jelly.tags.ant.AntTag - Could not convert tag: img into an Ant task, data type or property
2003-12-30 18:02:20,613 WARN  org.apache.commons.jelly.tags.ant.AntTag - Could not convert tag: a into an Ant task, data type or property
2003-12-30 18:02:20,613 WARN  org.apache.commons.jelly.tags.ant.AntTag - Could not convert tag: img into an Ant task, data type or property
2003-12-30 18:02:20,613 WARN  org.apache.commons.jelly.tags.ant.AntTag - Could not convert tag: a into an Ant task, data type or property
2003-12-30 18:02:20,613 WARN  org.apache.commons.jelly.tags.ant.AntTag - Could not convert tag: img into an Ant task, data type or property
2003-12-30 18:02:20,623 WARN  org.apache.commons.jelly.tags.ant.AntTag - Could not convert tag: a into an Ant task, data type or property
2003-12-30 18:02:20,623 WARN  org.apache.commons.jelly.tags.ant.AntTag - Could not convert tag: img into an Ant task, data type or property
2003-12-30 18:02:20,623 WARN  org.apache.commons.jelly.tags.ant.AntTag - Could not convert tag: a into an Ant task, data type or property
2003-12-30 18:02:20,623 WARN  org.apache.commons.jelly.tags.ant.AntTag - Could not convert tag: img into an Ant task, data type or property
2003-12-30 18:02:20,623 WARN  org.apache.commons.jelly.tags.ant.AntTag - Could not convert tag: a into an Ant task, data type or property
2003-12-30 18:02:20,623 WARN  org.apache.commons.jelly.tags.ant.AntTag - Could not convert tag: img into an Ant task, data type or property
2003-12-30 18:02:20,623 WARN  org.apache.commons.jelly.tags.ant.AntTag - Could not convert tag: a into an Ant task, data type or property
2003-12-30 18:02:20,623 WARN  org.apache.commons.jelly.tags.ant.AntTag - Could not convert tag: img into an Ant task, data type or property
2003-12-30 18:02:20,623 WARN  org.apache.commons.jelly.tags.ant.AntTag - Could not convert tag: a into an Ant task, data type or property
2003-12-30 18:02:20,623 WARN  org.apache.commons.jelly.tags.ant.AntTag - Could not convert tag: img into an Ant task, data type or property
2003-12-30 18:02:20,633 WARN  org.apache.commons.jelly.tags.ant.AntTag - Could not convert tag: a into an Ant task, data type or property
2003-12-30 18:02:20,633 WARN  org.apache.commons.jelly.tags.ant.AntTag - Could not convert tag: img into an Ant task, data type or property
2003-12-30 18:02:20,633 WARN  org.apache.commons.jelly.tags.ant.AntTag - Could not convert tag: a into an Ant task, data type or property
2003-12-30 18:02:20,633 WARN  org.apache.commons.jelly.tags.ant.AntTag - Could not convert tag: img into an Ant task, data type or property
2003-12-30 18:02:20,633 WARN  org.apache.commons.jelly.tags.ant.AntTag - Could not convert tag: a into an Ant task, data type or property
2003-12-30 18:02:20,643 WARN  org.apache.commons.jelly.tags.ant.AntTag - Could not convert tag: img into an Ant task, data type or property
2003-12-30 18:02:20,773 WARN  org.apache.commons.jelly.tags.ant.AntTag - Could not convert tag: a into an Ant task, data type or property
2003-12-30 18:02:20,773 WARN  org.apache.commons.jelly.tags.ant.AntTag - Could not convert tag: img into an Ant task, data type or property
2003-12-30 18:02:20,783 WARN  org.apache.commons.jelly.tags.ant.AntTag - Could not convert tag: a into an Ant task, data type or property
2003-12-30 18:02:20,783 WARN  org.apache.commons.jelly.tags.ant.AntTag - Could not convert tag: img into an Ant task, data type or property
2003-12-30 18:02:20,783 WARN  org.apache.commons.jelly.tags.ant.AntTag - Could not convert tag: a into an Ant task, data type or property
2003-12-30 18:02:20,783 WARN  org.apache.commons.jelly.tags.ant.AntTag - Could not convert tag: img into an Ant task, data type or property
2003-12-30 18:02:20,783 WARN  org.apache.commons.jelly.tags.ant.AntTag - Could not convert tag: a into an Ant task, data type or property
2003-12-30 18:02:20,783 WARN  org.apache.commons.jelly.tags.ant.AntTag - Could not convert tag: img into an Ant task, data type or property
2003-12-30 18:02:20,793 WARN  org.apache.commons.jelly.tags.ant.AntTag - Could not convert tag: a into an Ant task, data type or property
2003-12-30 18:02:20,793 WARN  org.apache.commons.jelly.tags.ant.AntTag - Could not convert tag: img into an Ant task, data type or property
2003-12-30 18:02:20,793 WARN  org.apache.commons.jelly.tags.ant.AntTag - Could not convert tag: a into an Ant task, data type or property
2003-12-30 18:02:20,793 WARN  org.apache.commons.jelly.tags.ant.AntTag - Could not convert tag: img into an Ant task, data type or property
2003-12-30 18:02:20,793 WARN  org.apache.commons.jelly.tags.ant.AntTag - Could not convert tag: a into an Ant task, data type or property
2003-12-30 18:02:20,793 WARN  org.apache.commons.jelly.tags.ant.AntTag - Could not convert tag: img into an Ant task, data type or property
2003-12-30 18:02:20,793 WARN  org.apache.commons.jelly.tags.ant.AntTag - Could not convert tag: a into an Ant task, data type or property
2003-12-30 18:02:20,793 WARN  org.apache.commons.jelly.tags.ant.AntTag - Could not convert tag: img into an Ant task, data type or property
2003-12-30 18:02:20,803 WARN  org.apache.commons.jelly.tags.ant.AntTag - Could not convert tag: a into an Ant task, data type or property
2003-12-30 18:02:20,803 WARN  org.apache.commons.jelly.tags.ant.AntTag - Could not convert tag: img into an Ant task, data type or property
2003-12-30 18:02:20,863 WARN  org.apache.commons.jelly.tags.ant.AntTag - Could not convert tag: a into an Ant task, data type or property
2003-12-30 18:02:20,863 WARN  org.apache.commons.jelly.tags.ant.AntTag - Could not convert tag: img into an Ant task, data type or property
2003-12-30 18:02:20,863 WARN  org.apache.commons.jelly.tags.ant.AntTag - Could not convert tag: a into an Ant task, data type or property
2003-12-30 18:02:20,863 WARN  org.apache.commons.jelly.tags.ant.AntTag - Could not convert tag: img into an Ant task, data type or property
2003-12-30 18:02:20,863 WARN  org.apache.commons.jelly.tags.ant.AntTag - Could not convert tag: a into an Ant task, data type or property
2003-12-30 18:02:20,873 WARN  org.apache.commons.jelly.tags.ant.AntTag - Could not convert tag: img into an Ant task, data type or property
2003-12-30 18:02:20,873 WARN  org.apache.commons.jelly.tags.ant.AntTag - Could not convert tag: a into an Ant task, data type or property
2003-12-30 18:02:20,873 WARN  org.apache.commons.jelly.tags.ant.AntTag - Could not convert tag: img into an Ant task, data type or property
2003-12-30 18:02:20,873 WARN  org.apache.commons.jelly.tags.ant.AntTag - Could not convert tag: a into an Ant task, data type or property
2003-12-30 18:02:20,873 WARN  org.apache.commons.jelly.tags.ant.AntTag - Could not convert tag: img into an Ant task, data type or property
2003-12-30 18:02:20,873 WARN  org.apache.commons.jelly.tags.ant.AntTag - Could not convert tag: a into an Ant task, data type or property
2003-12-30 18:02:20,873 WARN  org.apache.commons.jelly.tags.ant.AntTag - Could not convert tag: img into an Ant task, data type or property
2003-12-30 18:02:20,873 WARN  org.apache.commons.jelly.tags.ant.AntTag - Could not convert tag: a into an Ant task, data type or property
2003-12-30 18:02:20,873 WARN  org.apache.commons.jelly.tags.ant.AntTag - Could not convert tag: img into an Ant task, data type or property
2003-12-30 18:02:20,883 WARN  org.apache.commons.jelly.tags.ant.AntTag - Could not convert tag: a into an Ant task, data type or property
2003-12-30 18:02:20,883 WARN  org.apache.commons.jelly.tags.ant.AntTag - Could not convert tag: img into an Ant task, data type or property
2003-12-30 18:02:20,883 WARN  org.apache.commons.jelly.tags.ant.AntTag - Could not convert tag: a into an Ant task, data type or property
2003-12-30 18:02:20,883 WARN  org.apache.commons.jelly.tags.ant.AntTag - Could not convert tag: img into an Ant task, data type or property
2003-12-30 18:02:20,883 WARN  org.apache.commons.jelly.tags.ant.AntTag - Could not convert tag: a into an Ant task, data type or property
2003-12-30 18:02:20,883 WARN  org.apache.commons.jelly.tags.ant.AntTag - Could not convert tag: img into an Ant task, data type or property
2003-12-30 18:02:20,883 WARN  org.apache.commons.jelly.tags.ant.AntTag - Could not convert tag: a into an Ant task, data type or property
2003-12-30 18:02:20,883 WARN  org.apache.commons.jelly.tags.ant.AntTag - Could not convert tag: img into an Ant task, data type or property
2003-12-30 18:02:20,893 WARN  org.apache.commons.jelly.tags.ant.AntTag - Could not convert tag: a into an Ant task, data type or property
2003-12-30 18:02:20,893 WARN  org.apache.commons.jelly.tags.ant.AntTag - Could not convert tag: img into an Ant task, data type or property
2003-12-30 18:02:20,903 WARN  org.apache.commons.jelly.tags.ant.AntTag - Could not convert tag: a into an Ant task, data type or property
2003-12-30 18:02:20,903 WARN  org.apache.commons.jelly.tags.ant.AntTag - Could not convert tag: img into an Ant task, data type or property
2003-12-30 18:02:20,993 WARN  org.apache.commons.jelly.tags.ant.AntTag - Could not convert tag: a into an Ant task, data type or property
2003-12-30 18:02:20,993 WARN  org.apache.commons.jelly.tags.ant.AntTag - Could not convert tag: img into an Ant task, data type or property
2003-12-30 18:02:20,993 WARN  org.apache.commons.jelly.tags.ant.AntTag - Could not convert tag: a into an Ant task, data type or property
2003-12-30 18:02:20,993 WARN  org.apache.commons.jelly.tags.ant.AntTag - Could not convert tag: img into an Ant task, data type or property
2003-12-30 18:02:20,993 WARN  org.apache.commons.jelly.tags.ant.AntTag - Could not convert tag: a into an Ant task, data type or property
2003-12-30 18:02:20,993 WARN  org.apache.commons.jelly.tags.ant.AntTag - Could not convert tag: img into an Ant task, data type or property
2003-12-30 18:02:20,993 WARN  org.apache.commons.jelly.tags.ant.AntTag - Could not convert tag: a into an Ant task, data type or property
2003-12-30 18:02:20,993 WARN  org.apache.commons.jelly.tags.ant.AntTag - Could not convert tag: img into an Ant task, data type or property
2003-12-30 18:02:21,003 WARN  org.apache.commons.jelly.tags.ant.AntTag - Could not convert tag: a into an Ant task, data type or property
2003-12-30 18:02:21,003 WARN  org.apache.commons.jelly.tags.ant.AntTag - Could not convert tag: img into an Ant task, data type or property
2003-12-30 18:02:21,003 WARN  org.apache.commons.jelly.tags.ant.AntTag - Could not convert tag: a into an Ant task, data type or property
2003-12-30 18:02:21,003 WARN  org.apache.commons.jelly.tags.ant.AntTag - Could not convert tag: img into an Ant task, data type or property
2003-12-30 18:02:21,003 WARN  org.apache.commons.jelly.tags.ant.AntTag - Could not convert tag: a into an Ant task, data type or property
2003-12-30 18:02:21,003 WARN  org.apache.commons.jelly.tags.ant.AntTag - Could not convert tag: img into an Ant task, data type or property
2003-12-30 18:02:21,003 WARN  org.apache.commons.jelly.tags.ant.AntTag - Could not convert tag: a into an Ant task, data type or property
2003-12-30 18:02:21,003 WARN  org.apache.commons.jelly.tags.ant.AntTag - Could not convert tag: img into an Ant task, data type or property
2003-12-30 18:02:21,003 WARN  org.apache.commons.jelly.tags.ant.AntTag - Could not convert tag: a into an Ant task, data type or property
2003-12-30 18:02:21,003 WARN  org.apache.commons.jelly.tags.ant.AntTag - Could not convert tag: img into an Ant task, data type or property
2003-12-30 18:02:21,083 WARN  org.apache.commons.jelly.tags.ant.AntTag - Could not convert tag: a into an Ant task, data type or property
2003-12-30 18:02:21,083 WARN  org.apache.commons.jelly.tags.ant.AntTag - Could not convert tag: img into an Ant task, data type or property
2003-12-30 18:02:21,083 WARN  org.apache.commons.jelly.tags.ant.AntTag - Could not convert tag: a into an Ant task, data type or property
2003-12-30 18:02:21,083 WARN  org.apache.commons.jelly.tags.ant.AntTag - Could not convert tag: img into an Ant task, data type or property
2003-12-30 18:02:21,093 WARN  org.apache.commons.jelly.tags.ant.AntTag - Could not convert tag: a into an Ant task, data type or property
2003-12-30 18:02:21,093 WARN  org.apache.commons.jelly.tags.ant.AntTag - Could not convert tag: img into an Ant task, data type or property
2003-12-30 18:02:21,093 WARN  org.apache.commons.jelly.tags.ant.AntTag - Could not convert tag: a into an Ant task, data type or property
2003-12-30 18:02:21,093 WARN  org.apache.commons.jelly.tags.ant.AntTag - Could not convert tag: img into an Ant task, data type or property
2003-12-30 18:02:21,093 WARN  org.apache.commons.jelly.tags.ant.AntTag - Could not convert tag: a into an Ant task, data type or property
2003-12-30 18:02:21,093 WARN  org.apache.commons.jelly.tags.ant.AntTag - Could not convert tag: img into an Ant task, data type or property
2003-12-30 18:02:21,093 WARN  org.apache.commons.jelly.tags.ant.AntTag - Could not convert tag: a into an Ant task, data type or property
2003-12-30 18:02:21,103 WARN  org.apache.commons.jelly.tags.ant.AntTag - Could not convert tag: img into an Ant task, data type or property
2003-12-30 18:02:21,103 WARN  org.apache.commons.jelly.tags.ant.AntTag - Could not convert tag: a into an Ant task, data type or property
2003-12-30 18:02:21,103 WARN  org.apache.commons.jelly.tags.ant.AntTag - Could not convert tag: img into an Ant task, data type or property
2003-12-30 18:02:21,103 WARN  org.apache.commons.jelly.tags.ant.AntTag - Could not convert tag: a into an Ant task, data type or property
2003-12-30 18:02:21,103 WARN  org.apache.commons.jelly.tags.ant.AntTag - Could not convert tag: img into an Ant task, data type or property
2003-12-30 18:02:21,103 WARN  org.apache.commons.jelly.tags.ant.AntTag - Could not convert tag: a into an Ant task, data type or property
2003-12-30 18:02:21,103 WARN  org.apache.commons.jelly.tags.ant.AntTag - Could not convert tag: img into an Ant task, data type or property
2003-12-30 18:02:21,103 WARN  org.apache.commons.jelly.tags.ant.AntTag - Could not convert tag: a into an Ant task, data type or property
2003-12-30 18:02:21,103 WARN  org.apache.commons.jelly.tags.ant.AntTag - Could not convert tag: img into an Ant task, data type or property
2003-12-30 18:02:21,103 WARN  org.apache.commons.jelly.tags.ant.AntTag - Could not convert tag: a into an Ant task, data type or property
2003-12-30 18:02:21,103 WARN  org.apache.commons.jelly.tags.ant.AntTag - Could not convert tag: img into an Ant task, data type or property
2003-12-30 18:02:21,113 WARN  org.apache.commons.jelly.tags.ant.AntTag - Could not convert tag: a into an Ant task, data type or property
2003-12-30 18:02:21,113 WARN  org.apache.commons.jelly.tags.ant.AntTag - Could not convert tag: img into an Ant task, data type or property
2003-12-30 18:02:21,113 WARN  org.apache.commons.jelly.tags.ant.AntTag - Could not convert tag: a into an Ant task, data type or property
2003-12-30 18:02:21,113 WARN  org.apache.commons.jelly.tags.ant.AntTag - Could not convert tag: img into an Ant task, data type or property
2003-12-30 18:02:21,193 WARN  org.apache.commons.jelly.tags.ant.AntTag - Could not convert tag: a into an Ant task, data type or property
2003-12-30 18:02:21,193 WARN  org.apache.commons.jelly.tags.ant.AntTag - Could not convert tag: img into an Ant task, data type or property
2003-12-30 18:02:21,193 WARN  org.apache.commons.jelly.tags.ant.AntTag - Could not convert tag: a into an Ant task, data type or property
2003-12-30 18:02:21,193 WARN  org.apache.commons.jelly.tags.ant.AntTag - Could not convert tag: img into an Ant task, data type or property
2003-12-30 18:02:21,193 WARN  org.apache.commons.jelly.tags.ant.AntTag - Could not convert tag: a into an Ant task, data type or property
2003-12-30 18:02:21,193 WARN  org.apache.commons.jelly.tags.ant.AntTag - Could not convert tag: img into an Ant task, data type or property
2003-12-30 18:02:21,203 WARN  org.apache.commons.jelly.tags.ant.AntTag - Could not convert tag: a into an Ant task, data type or property
2003-12-30 18:02:21,203 WARN  org.apache.commons.jelly.tags.ant.AntTag - Could not convert tag: img into an Ant task, data type or property
2003-12-30 18:02:21,203 WARN  org.apache.commons.jelly.tags.ant.AntTag - Could not convert tag: a into an Ant task, data type or property
2003-12-30 18:02:21,203 WARN  org.apache.commons.jelly.tags.ant.AntTag - Could not convert tag: img into an Ant task, data type or property
2003-12-30 18:02:21,203 WARN  org.apache.commons.jelly.tags.ant.AntTag - Could not convert tag: a into an Ant task, data type or property
2003-12-30 18:02:21,203 WARN  org.apache.commons.jelly.tags.ant.AntTag - Could not convert tag: img into an Ant task, data type or property
2003-12-30 18:02:21,203 WARN  org.apache.commons.jelly.tags.ant.AntTag - Could not convert tag: a into an Ant task, data type or property
2003-12-30 18:02:21,203 WARN  org.apache.commons.jelly.tags.ant.AntTag - Could not convert tag: img into an Ant task, data type or property
2003-12-30 18:02:21,203 WARN  org.apache.commons.jelly.tags.ant.AntTag - Could not convert tag: a into an Ant task, data type or property
2003-12-30 18:02:21,203 WARN  org.apache.commons.jelly.tags.ant.AntTag - Could not convert tag: img into an Ant task, data type or property
2003-12-30 18:02:21,213 WARN  org.apache.commons.jelly.tags.ant.AntTag - Could not convert tag: a into an Ant task, data type or property
2003-12-30 18:02:21,213 WARN  org.apache.commons.jelly.tags.ant.AntTag - Could not convert tag: img into an Ant task, data type or property
2003-12-30 18:02:21,223 INFO  com.werken.werkz.jelly.PostGoalTag - Running post goal: xdoc:jelly-transform
2003-12-30 18:02:21,474 INFO  org.apache.maven.linkcheck.validation.HTTPLinkValidator - maven-linkcheck-plugin: Not using a proxy
2003-12-30 18:02:21,594 INFO  org.apache.maven.linkcheck.LinkCheck - Validating apidocs/allclasses-frame.html
2003-12-30 18:02:22,726 INFO  org.apache.maven.linkcheck.LinkCheck - Validating apidocs/allclasses-noframe.html
2003-12-30 18:02:22,796 INFO  org.apache.maven.linkcheck.LinkCheck - Validating apidocs/constant-values.html
2003-12-30 18:02:23,216 INFO  org.apache.maven.linkcheck.LinkCheck - Validating apidocs/deprecated-list.html
2003-12-30 18:02:23,256 INFO  org.apache.maven.linkcheck.LinkCheck - Validating apidocs/help-doc.html
2003-12-30 18:02:23,296 INFO  org.apache.maven.linkcheck.LinkCheck - Validating apidocs/index-all.html
2003-12-30 18:02:23,837 INFO  org.apache.maven.linkcheck.FileToCheck - Caught java.lang.StackOverflowError processing apidocs/index-all.html
2003-12-30 18:02:23,837 INFO  org.apache.maven.linkcheck.FileToCheck - Exception Message: null
2003-12-30 18:02:23,937 INFO  org.apache.maven.linkcheck.LinkCheck - Validating apidocs/index.html
2003-12-30 18:02:23,947 INFO  org.apache.maven.linkcheck.LinkCheck - Validating apidocs/opendbcopy/action/Actions.html
2003-12-30 18:02:24,047 INFO  org.apache.maven.linkcheck.LinkCheck - Validating apidocs/opendbcopy/action/class-use/Actions.html
2003-12-30 18:02:24,078 INFO  org.apache.maven.linkcheck.LinkCheck - Validating apidocs/opendbcopy/action/class-use/OpenFileAction.html
2003-12-30 18:02:24,108 INFO  org.apache.maven.linkcheck.LinkCheck - Validating apidocs/opendbcopy/action/class-use/SaveFileAction.html
2003-12-30 18:02:24,148 INFO  org.apache.maven.linkcheck.LinkCheck - Validating apidocs/opendbcopy/action/class-use/SimpleAction.html
2003-12-30 18:02:24,178 INFO  org.apache.maven.linkcheck.LinkCheck - Validating apidocs/opendbcopy/action/OpenFileAction.html
2003-12-30 18:02:24,248 INFO  org.apache.maven.linkcheck.LinkCheck - Validating apidocs/opendbcopy/action/package-frame.html
2003-12-30 18:02:24,248 INFO  org.apache.maven.linkcheck.LinkCheck - Validating apidocs/opendbcopy/action/package-summary.html
2003-12-30 18:02:24,278 INFO  org.apache.maven.linkcheck.LinkCheck - Validating apidocs/opendbcopy/action/package-tree.html
2003-12-30 18:02:24,318 INFO  org.apache.maven.linkcheck.LinkCheck - Validating apidocs/opendbcopy/action/package-use.html
2003-12-30 18:02:24,348 INFO  org.apache.maven.linkcheck.LinkCheck - Validating apidocs/opendbcopy/action/SaveFileAction.html
2003-12-30 18:02:24,408 INFO  org.apache.maven.linkcheck.LinkCheck - Validating apidocs/opendbcopy/action/SimpleAction.html
2003-12-30 18:02:24,468 INFO  org.apache.maven.linkcheck.LinkCheck - Validating apidocs/opendbcopy/config/Action.html
2003-12-30 18:02:24,558 INFO  org.apache.maven.linkcheck.LinkCheck - Validating apidocs/opendbcopy/config/APM.html
2003-12-30 18:02:24,628 INFO  org.apache.maven.linkcheck.LinkCheck - Validating apidocs/opendbcopy/config/class-use/Action.html
2003-12-30 18:02:24,678 INFO  org.apache.maven.linkcheck.LinkCheck - Validating apidocs/opendbcopy/config/class-use/APM.html
2003-12-30 18:02:24,728 INFO  org.apache.maven.linkcheck.LinkCheck - Validating apidocs/opendbcopy/config/class-use/FileCharacter.html
2003-12-30 18:02:24,759 INFO  org.apache.maven.linkcheck.LinkCheck - Validating apidocs/opendbcopy/config/class-use/FileType.html
2003-12-30 18:02:24,779 INFO  org.apache.maven.linkcheck.LinkCheck - Validating apidocs/opendbcopy/config/class-use/HTML.html
2003-12-30 18:02:24,829 INFO  org.apache.maven.linkcheck.LinkCheck - Validating apidocs/opendbcopy/config/class-use/MenuName.html
2003-12-30 18:02:24,849 INFO  org.apache.maven.linkcheck.LinkCheck - Validating apidocs/opendbcopy/config/class-use/Metadata.html
2003-12-30 18:02:24,889 INFO  org.apache.maven.linkcheck.LinkCheck - Validating apidocs/opendbcopy/config/class-use/OperationType.html
2003-12-30 18:02:24,919 INFO  org.apache.maven.linkcheck.LinkCheck - Validating apidocs/opendbcopy/config/class-use/SourceType.html
2003-12-30 18:02:24,949 INFO  org.apache.maven.linkcheck.LinkCheck - Validating apidocs/opendbcopy/config/class-use/XMLTags.html
2003-12-30 18:02:24,969 INFO  org.apache.maven.linkcheck.LinkCheck - Validating apidocs/opendbcopy/config/FileCharacter.html
2003-12-30 18:02:25,039 INFO  org.apache.maven.linkcheck.LinkCheck - Validating apidocs/opendbcopy/config/FileType.html
2003-12-30 18:02:25,099 INFO  org.apache.maven.linkcheck.LinkCheck - Validating apidocs/opendbcopy/config/HTML.html
2003-12-30 18:02:25,219 INFO  org.apache.maven.linkcheck.LinkCheck - Validating apidocs/opendbcopy/config/MenuName.html
2003-12-30 18:02:25,259 INFO  org.apache.maven.linkcheck.LinkCheck - Validating apidocs/opendbcopy/config/Metadata.html
2003-12-30 18:02:25,460 INFO  org.apache.maven.linkcheck.LinkCheck - Validating apidocs/opendbcopy/config/OperationType.html
2003-12-30 18:02:25,560 INFO  org.apache.maven.linkcheck.LinkCheck - Validating apidocs/opendbcopy/config/package-frame.html
2003-12-30 18:02:25,560 INFO  org.apache.maven.linkcheck.LinkCheck - Validating apidocs/opendbcopy/config/package-summary.html
2003-12-30 18:02:25,600 INFO  org.apache.maven.linkcheck.LinkCheck - Validating apidocs/opendbcopy/config/package-tree.html
2003-12-30 18:02:25,630 INFO  org.apache.maven.linkcheck.LinkCheck - Validating apidocs/opendbcopy/config/package-use.html
2003-12-30 18:02:25,650 INFO  org.apache.maven.linkcheck.LinkCheck - Validating apidocs/opendbcopy/config/SourceType.html
2003-12-30 18:02:25,730 INFO  org.apache.maven.linkcheck.LinkCheck - Validating apidocs/opendbcopy/config/XMLTags.html
2003-12-30 18:02:26,030 INFO  org.apache.maven.linkcheck.FileToCheck - Caught java.lang.StackOverflowError processing apidocs/opendbcopy/config/XMLTags.html
2003-12-30 18:02:26,030 INFO  org.apache.maven.linkcheck.FileToCheck - Exception Message: null
2003-12-30 18:02:26,030 INFO  org.apache.maven.linkcheck.LinkCheck - Validating apidocs/opendbcopy/connection/class-use/DBConnection.html
2003-12-30 18:02:26,050 INFO  org.apache.maven.linkcheck.LinkCheck - Validating apidocs/opendbcopy/connection/DBConnection.html
2003-12-30 18:02:26,120 INFO  org.apache.maven.linkcheck.LinkCheck - Validating apidocs/opendbcopy/connection/package-frame.html
2003-12-30 18:02:26,130 INFO  org.apache.maven.linkcheck.LinkCheck - Validating apidocs/opendbcopy/connection/package-summary.html
2003-12-30 18:02:26,161 INFO  org.apache.maven.linkcheck.LinkCheck - Validating apidocs/opendbcopy/connection/package-tree.html
2003-12-30 18:02:26,181 INFO  org.apache.maven.linkcheck.LinkCheck - Validating apidocs/opendbcopy/connection/package-use.html
2003-12-30 18:02:26,211 INFO  org.apache.maven.linkcheck.LinkCheck - Validating apidocs/opendbcopy/controller/Arguments.html
2003-12-30 18:02:26,271 INFO  org.apache.maven.linkcheck.LinkCheck - Validating apidocs/opendbcopy/controller/class-use/Arguments.html
2003-12-30 18:02:26,291 INFO  org.apache.maven.linkcheck.LinkCheck - Validating apidocs/opendbcopy/controller/class-use/MainController.html
2003-12-30 18:02:26,371 INFO  org.apache.maven.linkcheck.LinkCheck - Validating apidocs/opendbcopy/controller/MainController.html
2003-12-30 18:02:26,431 INFO  org.apache.maven.linkcheck.LinkCheck - Validating apidocs/opendbcopy/controller/package-frame.html
2003-12-30 18:02:26,441 INFO  org.apache.maven.linkcheck.LinkCheck - Validating apidocs/opendbcopy/controller/package-summary.html
2003-12-30 18:02:26,471 INFO  org.apache.maven.linkcheck.LinkCheck - Validating apidocs/opendbcopy/controller/package-tree.html
2003-12-30 18:02:26,491 INFO  org.apache.maven.linkcheck.LinkCheck - Validating apidocs/opendbcopy/controller/package-use.html
2003-12-30 18:02:26,531 INFO  org.apache.maven.linkcheck.LinkCheck - Validating apidocs/opendbcopy/email/class-use/MailAppender.html
2003-12-30 18:02:26,561 INFO  org.apache.maven.linkcheck.LinkCheck - Validating apidocs/opendbcopy/email/MailAppender.html
2003-12-30 18:02:26,621 INFO  org.apache.maven.linkcheck.LinkCheck - Validating apidocs/opendbcopy/email/package-frame.html
2003-12-30 18:02:26,621 INFO  org.apache.maven.linkcheck.LinkCheck - Validating apidocs/opendbcopy/email/package-summary.html
2003-12-30 18:02:26,651 INFO  org.apache.maven.linkcheck.LinkCheck - Validating apidocs/opendbcopy/email/package-tree.html
2003-12-30 18:02:26,681 INFO  org.apache.maven.linkcheck.LinkCheck - Validating apidocs/opendbcopy/email/package-use.html
2003-12-30 18:02:26,731 INFO  org.apache.maven.linkcheck.LinkCheck - Validating apidocs/opendbcopy/filter/class-use/DateTimeConverter.html
2003-12-30 18:02:26,761 INFO  org.apache.maven.linkcheck.LinkCheck - Validating apidocs/opendbcopy/filter/class-use/StringConverter.html
2003-12-30 18:02:26,781 INFO  org.apache.maven.linkcheck.LinkCheck - Validating apidocs/opendbcopy/filter/DateTimeConverter.html
2003-12-30 18:02:26,831 INFO  org.apache.maven.linkcheck.LinkCheck - Validating apidocs/opendbcopy/filter/package-frame.html
2003-12-30 18:02:26,842 INFO  org.apache.maven.linkcheck.LinkCheck - Validating apidocs/opendbcopy/filter/package-summary.html
2003-12-30 18:02:26,872 INFO  org.apache.maven.linkcheck.LinkCheck - Validating apidocs/opendbcopy/filter/package-tree.html
2003-12-30 18:02:26,902 INFO  org.apache.maven.linkcheck.LinkCheck - Validating apidocs/opendbcopy/filter/package-use.html
2003-12-30 18:02:26,922 INFO  org.apache.maven.linkcheck.LinkCheck - Validating apidocs/opendbcopy/filter/StringConverter.html
2003-12-30 18:02:26,972 INFO  org.apache.maven.linkcheck.LinkCheck - Validating apidocs/opendbcopy/gui/class-use/DialogFile.html
2003-12-30 18:02:27,002 INFO  org.apache.maven.linkcheck.LinkCheck - Validating apidocs/opendbcopy/gui/class-use/ExampleFileFilter.html
2003-12-30 18:02:27,032 INFO  org.apache.maven.linkcheck.LinkCheck - Validating apidocs/opendbcopy/gui/class-use/FrameMain.html
2003-12-30 18:02:27,102 INFO  org.apache.maven.linkcheck.LinkCheck - Validating apidocs/opendbcopy/gui/class-use/Menu.html
2003-12-30 18:02:27,132 INFO  org.apache.maven.linkcheck.LinkCheck - Validating apidocs/opendbcopy/gui/class-use/PanelConnection.html
2003-12-30 18:02:27,162 INFO  org.apache.maven.linkcheck.LinkCheck - Validating apidocs/opendbcopy/gui/class-use/PanelExecute.html
2003-12-30 18:02:27,192 INFO  org.apache.maven.linkcheck.LinkCheck - Validating apidocs/opendbcopy/gui/class-use/PanelFilter.html
2003-12-30 18:02:27,222 INFO  org.apache.maven.linkcheck.LinkCheck - Validating apidocs/opendbcopy/gui/class-use/PanelMappingColumn.html
2003-12-30 18:02:27,242 INFO  org.apache.maven.linkcheck.LinkCheck - Validating apidocs/opendbcopy/gui/class-use/PanelMappingTable.html
2003-12-30 18:02:27,272 INFO  org.apache.maven.linkcheck.LinkCheck - Validating apidocs/opendbcopy/gui/class-use/PanelModel.html
2003-12-30 18:02:27,302 INFO  org.apache.maven.linkcheck.LinkCheck - Validating apidocs/opendbcopy/gui/DialogFile.html
2003-12-30 18:02:27,402 INFO  org.apache.maven.linkcheck.LinkCheck - Validating apidocs/opendbcopy/gui/ExampleFileFilter.html
2003-12-30 18:02:27,492 INFO  org.apache.maven.linkcheck.LinkCheck - Validating apidocs/opendbcopy/gui/FrameMain.html
2003-12-30 18:02:27,613 INFO  org.apache.maven.linkcheck.LinkCheck - Validating apidocs/opendbcopy/gui/Menu.html
2003-12-30 18:02:27,733 INFO  org.apache.maven.linkcheck.LinkCheck - Validating apidocs/opendbcopy/gui/package-frame.html
2003-12-30 18:02:27,743 INFO  org.apache.maven.linkcheck.LinkCheck - Validating apidocs/opendbcopy/gui/package-summary.html
2003-12-30 18:02:27,793 INFO  org.apache.maven.linkcheck.LinkCheck - Validating apidocs/opendbcopy/gui/package-tree.html
2003-12-30 18:02:27,833 INFO  org.apache.maven.linkcheck.LinkCheck - Validating apidocs/opendbcopy/gui/package-use.html
2003-12-30 18:02:27,863 INFO  org.apache.maven.linkcheck.LinkCheck - Validating apidocs/opendbcopy/gui/PanelConnection.html
2003-12-30 18:02:27,963 INFO  org.apache.maven.linkcheck.LinkCheck - Validating apidocs/opendbcopy/gui/PanelExecute.html
2003-12-30 18:02:28,073 INFO  org.apache.maven.linkcheck.LinkCheck - Validating apidocs/opendbcopy/gui/PanelFilter.html
2003-12-30 18:02:28,173 INFO  org.apache.maven.linkcheck.LinkCheck - Validating apidocs/opendbcopy/gui/PanelMappingColumn.html
2003-12-30 18:02:28,284 INFO  org.apache.maven.linkcheck.LinkCheck - Validating apidocs/opendbcopy/gui/PanelMappingTable.html
2003-12-30 18:02:28,384 INFO  org.apache.maven.linkcheck.LinkCheck - Validating apidocs/opendbcopy/gui/PanelModel.html
2003-12-30 18:02:28,484 INFO  org.apache.maven.linkcheck.LinkCheck - Validating apidocs/opendbcopy/io/class-use/ExportToXML.html
2003-12-30 18:02:28,504 INFO  org.apache.maven.linkcheck.LinkCheck - Validating apidocs/opendbcopy/io/class-use/ImportFromXML.html
2003-12-30 18:02:28,534 INFO  org.apache.maven.linkcheck.LinkCheck - Validating apidocs/opendbcopy/io/class-use/PropertiesToFile.html
2003-12-30 18:02:28,564 INFO  org.apache.maven.linkcheck.LinkCheck - Validating apidocs/opendbcopy/io/class-use/Reader.html
2003-12-30 18:02:28,584 INFO  org.apache.maven.linkcheck.LinkCheck - Validating apidocs/opendbcopy/io/class-use/Writer.html
2003-12-30 18:02:28,614 INFO  org.apache.maven.linkcheck.LinkCheck - Validating apidocs/opendbcopy/io/ExportToXML.html
2003-12-30 18:02:28,664 INFO  org.apache.maven.linkcheck.LinkCheck - Validating apidocs/opendbcopy/io/ImportFromXML.html
2003-12-30 18:02:28,724 INFO  org.apache.maven.linkcheck.LinkCheck - Validating apidocs/opendbcopy/io/package-frame.html
2003-12-30 18:02:28,734 INFO  org.apache.maven.linkcheck.LinkCheck - Validating apidocs/opendbcopy/io/package-summary.html
2003-12-30 18:02:28,764 INFO  org.apache.maven.linkcheck.LinkCheck - Validating apidocs/opendbcopy/io/package-tree.html
2003-12-30 18:02:28,794 INFO  org.apache.maven.linkcheck.LinkCheck - Validating apidocs/opendbcopy/io/package-use.html
2003-12-30 18:02:28,814 INFO  org.apache.maven.linkcheck.LinkCheck - Validating apidocs/opendbcopy/io/PropertiesToFile.html
2003-12-30 18:02:28,864 INFO  org.apache.maven.linkcheck.LinkCheck - Validating apidocs/opendbcopy/io/Reader.html
2003-12-30 18:02:28,914 INFO  org.apache.maven.linkcheck.LinkCheck - Validating apidocs/opendbcopy/io/Writer.html
2003-12-30 18:02:28,965 INFO  org.apache.maven.linkcheck.LinkCheck - Validating apidocs/opendbcopy/model/class-use/Mapping.html
2003-12-30 18:02:29,015 INFO  org.apache.maven.linkcheck.LinkCheck - Validating apidocs/opendbcopy/model/class-use/ModelReader.html
2003-12-30 18:02:29,035 INFO  org.apache.maven.linkcheck.LinkCheck - Validating apidocs/opendbcopy/model/class-use/ProjectManager.html
2003-12-30 18:02:29,095 INFO  org.apache.maven.linkcheck.LinkCheck - Validating apidocs/opendbcopy/model/class-use/ProjectModel.html
2003-12-30 18:02:29,235 INFO  org.apache.maven.linkcheck.LinkCheck - Validating apidocs/opendbcopy/model/class-use/ProjectModelParser.html
2003-12-30 18:02:29,295 INFO  org.apache.maven.linkcheck.LinkCheck - Validating apidocs/opendbcopy/model/class-use/Test.html
2003-12-30 18:02:29,325 INFO  org.apache.maven.linkcheck.LinkCheck - Validating apidocs/opendbcopy/model/dependency/class-use/Dependency.html
2003-12-30 18:02:29,355 INFO  org.apache.maven.linkcheck.LinkCheck - Validating apidocs/opendbcopy/model/dependency/class-use/Mapper.html
2003-12-30 18:02:29,375 INFO  org.apache.maven.linkcheck.LinkCheck - Validating apidocs/opendbcopy/model/dependency/class-use/Node.html
2003-12-30 18:02:29,425 INFO  org.apache.maven.linkcheck.LinkCheck - Validating apidocs/opendbcopy/model/dependency/Dependency.html
2003-12-30 18:02:29,475 INFO  org.apache.maven.linkcheck.LinkCheck - Validating apidocs/opendbcopy/model/dependency/Mapper.html
2003-12-30 18:02:29,535 INFO  org.apache.maven.linkcheck.LinkCheck - Validating apidocs/opendbcopy/model/dependency/Node.html
2003-12-30 18:02:29,615 INFO  org.apache.maven.linkcheck.LinkCheck - Validating apidocs/opendbcopy/model/dependency/package-frame.html
2003-12-30 18:02:29,626 INFO  org.apache.maven.linkcheck.LinkCheck - Validating apidocs/opendbcopy/model/dependency/package-summary.html
2003-12-30 18:02:29,656 INFO  org.apache.maven.linkcheck.LinkCheck - Validating apidocs/opendbcopy/model/dependency/package-tree.html
2003-12-30 18:02:29,686 INFO  org.apache.maven.linkcheck.LinkCheck - Validating apidocs/opendbcopy/model/dependency/package-use.html
2003-12-30 18:02:29,716 INFO  org.apache.maven.linkcheck.LinkCheck - Validating apidocs/opendbcopy/model/Mapping.html
2003-12-30 18:02:29,796 INFO  org.apache.maven.linkcheck.LinkCheck - Validating apidocs/opendbcopy/model/ModelReader.html
2003-12-30 18:02:29,846 INFO  org.apache.maven.linkcheck.LinkCheck - Validating apidocs/opendbcopy/model/package-frame.html
2003-12-30 18:02:29,856 INFO  org.apache.maven.linkcheck.LinkCheck - Validating apidocs/opendbcopy/model/package-summary.html
2003-12-30 18:02:29,886 INFO  org.apache.maven.linkcheck.LinkCheck - Validating apidocs/opendbcopy/model/package-tree.html
2003-12-30 18:02:29,916 INFO  org.apache.maven.linkcheck.LinkCheck - Validating apidocs/opendbcopy/model/package-use.html
2003-12-30 18:02:29,976 INFO  org.apache.maven.linkcheck.LinkCheck - Validating apidocs/opendbcopy/model/ProjectManager.html
2003-12-30 18:02:30,066 INFO  org.apache.maven.linkcheck.LinkCheck - Validating apidocs/opendbcopy/model/ProjectModel.html
2003-12-30 18:02:30,387 INFO  org.apache.maven.linkcheck.FileToCheck - Caught java.lang.StackOverflowError processing apidocs/opendbcopy/model/ProjectModel.html
2003-12-30 18:02:30,387 INFO  org.apache.maven.linkcheck.FileToCheck - Exception Message: null
2003-12-30 18:02:30,387 INFO  org.apache.maven.linkcheck.LinkCheck - Validating apidocs/opendbcopy/model/ProjectModelParser.html
2003-12-30 18:02:30,597 INFO  org.apache.maven.linkcheck.LinkCheck - Validating apidocs/opendbcopy/model/Test.html
2003-12-30 18:02:30,647 INFO  org.apache.maven.linkcheck.LinkCheck - Validating apidocs/opendbcopy/model/typeinfo/class-use/TypeInfo.html
2003-12-30 18:02:30,677 INFO  org.apache.maven.linkcheck.LinkCheck - Validating apidocs/opendbcopy/model/typeinfo/class-use/TypeInfoHelper.html
2003-12-30 18:02:30,777 INFO  org.apache.maven.linkcheck.LinkCheck - Validating apidocs/opendbcopy/model/typeinfo/package-frame.html
2003-12-30 18:02:30,787 INFO  org.apache.maven.linkcheck.LinkCheck - Validating apidocs/opendbcopy/model/typeinfo/package-summary.html
2003-12-30 18:02:30,817 INFO  org.apache.maven.linkcheck.LinkCheck - Validating apidocs/opendbcopy/model/typeinfo/package-tree.html
2003-12-30 18:02:30,837 INFO  org.apache.maven.linkcheck.LinkCheck - Validating apidocs/opendbcopy/model/typeinfo/package-use.html
2003-12-30 18:02:30,867 INFO  org.apache.maven.linkcheck.LinkCheck - Validating apidocs/opendbcopy/model/typeinfo/TypeInfo.html
2003-12-30 18:02:30,937 INFO  org.apache.maven.linkcheck.LinkCheck - Validating apidocs/opendbcopy/model/typeinfo/TypeInfoHelper.html
2003-12-30 18:02:30,987 INFO  org.apache.maven.linkcheck.LinkCheck - Validating apidocs/opendbcopy/plugin/class-use/Execute.html
2003-12-30 18:02:31,058 INFO  org.apache.maven.linkcheck.LinkCheck - Validating apidocs/opendbcopy/plugin/class-use/ExecuteSkeleton.html
2003-12-30 18:02:31,118 INFO  org.apache.maven.linkcheck.LinkCheck - Validating apidocs/opendbcopy/plugin/Execute.html
2003-12-30 18:02:31,158 INFO  org.apache.maven.linkcheck.LinkCheck - Validating apidocs/opendbcopy/plugin/ExecuteSkeleton.html
2003-12-30 18:02:31,268 INFO  org.apache.maven.linkcheck.LinkCheck - Validating apidocs/opendbcopy/plugin/najs/class-use/NAJSCopy.html
2003-12-30 18:02:31,308 INFO  org.apache.maven.linkcheck.LinkCheck - Validating apidocs/opendbcopy/plugin/najs/NAJSCopy.html
2003-12-30 18:02:31,398 INFO  org.apache.maven.linkcheck.LinkCheck - Validating apidocs/opendbcopy/plugin/najs/package-frame.html
2003-12-30 18:02:31,428 INFO  org.apache.maven.linkcheck.LinkCheck - Validating apidocs/opendbcopy/plugin/najs/package-summary.html
2003-12-30 18:02:31,458 INFO  org.apache.maven.linkcheck.LinkCheck - Validating apidocs/opendbcopy/plugin/najs/package-tree.html
2003-12-30 18:02:31,508 INFO  org.apache.maven.linkcheck.LinkCheck - Validating apidocs/opendbcopy/plugin/najs/package-use.html
2003-12-30 18:02:31,548 INFO  org.apache.maven.linkcheck.LinkCheck - Validating apidocs/opendbcopy/plugin/package-frame.html
2003-12-30 18:02:31,558 INFO  org.apache.maven.linkcheck.LinkCheck - Validating apidocs/opendbcopy/plugin/package-summary.html
2003-12-30 18:02:31,578 INFO  org.apache.maven.linkcheck.LinkCheck - Validating apidocs/opendbcopy/plugin/package-tree.html
2003-12-30 18:02:31,618 INFO  org.apache.maven.linkcheck.LinkCheck - Validating apidocs/opendbcopy/plugin/package-use.html
2003-12-30 18:02:31,668 INFO  org.apache.maven.linkcheck.LinkCheck - Validating apidocs/opendbcopy/plugin/standard/class-use/CopyMapping.html
2003-12-30 18:02:31,779 INFO  org.apache.maven.linkcheck.LinkCheck - Validating apidocs/opendbcopy/plugin/standard/class-use/CreateDataScript.html
2003-12-30 18:02:31,819 INFO  org.apache.maven.linkcheck.LinkCheck - Validating apidocs/opendbcopy/plugin/standard/class-use/CreateTableScript.html
2003-12-30 18:02:31,869 INFO  org.apache.maven.linkcheck.LinkCheck - Validating apidocs/opendbcopy/plugin/standard/class-use/DeleteDestinationTable.html
2003-12-30 18:02:31,919 INFO  org.apache.maven.linkcheck.LinkCheck - Validating apidocs/opendbcopy/plugin/standard/class-use/DumpToFile.html
2003-12-30 18:02:31,959 INFO  org.apache.maven.linkcheck.LinkCheck - Validating apidocs/opendbcopy/plugin/standard/class-use/Statistics.html
2003-12-30 18:02:31,999 INFO  org.apache.maven.linkcheck.LinkCheck - Validating apidocs/opendbcopy/plugin/standard/copy/class-use/CopyMapping.html
2003-12-30 18:02:32,019 INFO  org.apache.maven.linkcheck.LinkCheck - Validating apidocs/opendbcopy/plugin/standard/copy/CopyMapping.html
2003-12-30 18:02:32,089 INFO  org.apache.maven.linkcheck.LinkCheck - Validating apidocs/opendbcopy/plugin/standard/copy/package-frame.html
2003-12-30 18:02:32,099 INFO  org.apache.maven.linkcheck.LinkCheck - Validating apidocs/opendbcopy/plugin/standard/copy/package-summary.html
2003-12-30 18:02:32,119 INFO  org.apache.maven.linkcheck.LinkCheck - Validating apidocs/opendbcopy/plugin/standard/copy/package-tree.html
2003-12-30 18:02:32,149 INFO  org.apache.maven.linkcheck.LinkCheck - Validating apidocs/opendbcopy/plugin/standard/copy/package-use.html
2003-12-30 18:02:32,179 INFO  org.apache.maven.linkcheck.LinkCheck - Validating apidocs/opendbcopy/plugin/standard/CopyMapping.html
2003-12-30 18:02:32,319 INFO  org.apache.maven.linkcheck.LinkCheck - Validating apidocs/opendbcopy/plugin/standard/CreateDataScript.html
2003-12-30 18:02:32,400 INFO  org.apache.maven.linkcheck.LinkCheck - Validating apidocs/opendbcopy/plugin/standard/CreateTableScript.html
2003-12-30 18:02:32,490 INFO  org.apache.maven.linkcheck.LinkCheck - Validating apidocs/opendbcopy/plugin/standard/delete/class-use/DeleteDestinationTable.html
2003-12-30 18:02:32,520 INFO  org.apache.maven.linkcheck.LinkCheck - Validating apidocs/opendbcopy/plugin/standard/delete/DeleteDestinationTable.html
2003-12-30 18:02:32,580 INFO  org.apache.maven.linkcheck.LinkCheck - Validating apidocs/opendbcopy/plugin/standard/delete/package-frame.html
2003-12-30 18:02:32,590 INFO  org.apache.maven.linkcheck.LinkCheck - Validating apidocs/opendbcopy/plugin/standard/delete/package-summary.html
2003-12-30 18:02:32,620 INFO  org.apache.maven.linkcheck.LinkCheck - Validating apidocs/opendbcopy/plugin/standard/delete/package-tree.html
2003-12-30 18:02:32,650 INFO  org.apache.maven.linkcheck.LinkCheck - Validating apidocs/opendbcopy/plugin/standard/delete/package-use.html
2003-12-30 18:02:32,670 INFO  org.apache.maven.linkcheck.LinkCheck - Validating apidocs/opendbcopy/plugin/standard/DeleteDestinationTable.html
2003-12-30 18:02:32,760 INFO  org.apache.maven.linkcheck.LinkCheck - Validating apidocs/opendbcopy/plugin/standard/dump/class-use/DumpToFileDelimited.html
2003-12-30 18:02:32,800 INFO  org.apache.maven.linkcheck.LinkCheck - Validating apidocs/opendbcopy/plugin/standard/dump/DumpToFileDelimited.html
2003-12-30 18:02:32,860 INFO  org.apache.maven.linkcheck.LinkCheck - Validating apidocs/opendbcopy/plugin/standard/dump/package-frame.html
2003-12-30 18:02:32,870 INFO  org.apache.maven.linkcheck.LinkCheck - Validating apidocs/opendbcopy/plugin/standard/dump/package-summary.html
2003-12-30 18:02:32,900 INFO  org.apache.maven.linkcheck.LinkCheck - Validating apidocs/opendbcopy/plugin/standard/dump/package-tree.html
2003-12-30 18:02:32,930 INFO  org.apache.maven.linkcheck.LinkCheck - Validating apidocs/opendbcopy/plugin/standard/dump/package-use.html
2003-12-30 18:02:32,950 INFO  org.apache.maven.linkcheck.LinkCheck - Validating apidocs/opendbcopy/plugin/standard/DumpToFile.html
2003-12-30 18:02:33,121 INFO  org.apache.maven.linkcheck.LinkCheck - Validating apidocs/opendbcopy/plugin/standard/package-frame.html
2003-12-30 18:02:33,141 INFO  org.apache.maven.linkcheck.LinkCheck - Validating apidocs/opendbcopy/plugin/standard/package-summary.html
2003-12-30 18:02:33,191 INFO  org.apache.maven.linkcheck.LinkCheck - Validating apidocs/opendbcopy/plugin/standard/package-tree.html
2003-12-30 18:02:33,241 INFO  org.apache.maven.linkcheck.LinkCheck - Validating apidocs/opendbcopy/plugin/standard/package-use.html
2003-12-30 18:02:33,271 INFO  org.apache.maven.linkcheck.LinkCheck - Validating apidocs/opendbcopy/plugin/standard/script/class-use/CreateDataScript.html
2003-12-30 18:02:33,301 INFO  org.apache.maven.linkcheck.LinkCheck - Validating apidocs/opendbcopy/plugin/standard/script/CreateDataScript.html
2003-12-30 18:02:33,371 INFO  org.apache.maven.linkcheck.LinkCheck - Validating apidocs/opendbcopy/plugin/standard/script/package-frame.html
2003-12-30 18:02:33,371 INFO  org.apache.maven.linkcheck.LinkCheck - Validating apidocs/opendbcopy/plugin/standard/script/package-summary.html
2003-12-30 18:02:33,411 INFO  org.apache.maven.linkcheck.LinkCheck - Validating apidocs/opendbcopy/plugin/standard/script/package-tree.html
2003-12-30 18:02:33,441 INFO  org.apache.maven.linkcheck.LinkCheck - Validating apidocs/opendbcopy/plugin/standard/script/package-use.html
2003-12-30 18:02:33,461 INFO  org.apache.maven.linkcheck.LinkCheck - Validating apidocs/opendbcopy/plugin/standard/statistics/class-use/ReadStatistics.html
2003-12-30 18:02:33,491 INFO  org.apache.maven.linkcheck.LinkCheck - Validating apidocs/opendbcopy/plugin/standard/statistics/class-use/StatReader.html
2003-12-30 18:02:33,511 INFO  org.apache.maven.linkcheck.LinkCheck - Validating apidocs/opendbcopy/plugin/standard/statistics/class-use/StatWriter.html
2003-12-30 18:02:33,541 INFO  org.apache.maven.linkcheck.LinkCheck - Validating apidocs/opendbcopy/plugin/standard/statistics/class-use/WriteStatisticsToFile.html
2003-12-30 18:02:33,571 INFO  org.apache.maven.linkcheck.LinkCheck - Validating apidocs/opendbcopy/plugin/standard/statistics/package-frame.html
2003-12-30 18:02:33,571 INFO  org.apache.maven.linkcheck.LinkCheck - Validating apidocs/opendbcopy/plugin/standard/statistics/package-summary.html
2003-12-30 18:02:33,601 INFO  org.apache.maven.linkcheck.LinkCheck - Validating apidocs/opendbcopy/plugin/standard/statistics/package-tree.html
2003-12-30 18:02:33,641 INFO  org.apache.maven.linkcheck.LinkCheck - Validating apidocs/opendbcopy/plugin/standard/statistics/package-use.html
2003-12-30 18:02:33,661 INFO  org.apache.maven.linkcheck.LinkCheck - Validating apidocs/opendbcopy/plugin/standard/statistics/ReadStatistics.html
2003-12-30 18:02:33,781 INFO  org.apache.maven.linkcheck.LinkCheck - Validating apidocs/opendbcopy/plugin/standard/statistics/StatReader.html
2003-12-30 18:02:33,832 INFO  org.apache.maven.linkcheck.LinkCheck - Validating apidocs/opendbcopy/plugin/standard/statistics/StatWriter.html
2003-12-30 18:02:33,882 INFO  org.apache.maven.linkcheck.LinkCheck - Validating apidocs/opendbcopy/plugin/standard/statistics/WriteStatisticsToFile.html
2003-12-30 18:02:33,952 INFO  org.apache.maven.linkcheck.LinkCheck - Validating apidocs/opendbcopy/plugin/standard/Statistics.html
2003-12-30 18:02:34,112 INFO  org.apache.maven.linkcheck.LinkCheck - Validating apidocs/opendbcopy/sql/class-use/SQL.html
2003-12-30 18:02:34,142 INFO  org.apache.maven.linkcheck.LinkCheck - Validating apidocs/opendbcopy/sql/package-frame.html
2003-12-30 18:02:34,142 INFO  org.apache.maven.linkcheck.LinkCheck - Validating apidocs/opendbcopy/sql/package-summary.html
2003-12-30 18:02:34,172 INFO  org.apache.maven.linkcheck.LinkCheck - Validating apidocs/opendbcopy/sql/package-tree.html
2003-12-30 18:02:34,202 INFO  org.apache.maven.linkcheck.LinkCheck - Validating apidocs/opendbcopy/sql/package-use.html
2003-12-30 18:02:34,222 INFO  org.apache.maven.linkcheck.LinkCheck - Validating apidocs/opendbcopy/sql/SQL.html
2003-12-30 18:02:34,342 INFO  org.apache.maven.linkcheck.LinkCheck - Validating apidocs/opendbcopy/swing/class-use/JTableX.html
2003-12-30 18:02:34,372 INFO  org.apache.maven.linkcheck.LinkCheck - Validating apidocs/opendbcopy/swing/class-use/RowEditorModel.html
2003-12-30 18:02:34,412 INFO  org.apache.maven.linkcheck.LinkCheck - Validating apidocs/opendbcopy/swing/JTableX.html
2003-12-30 18:02:34,543 INFO  org.apache.maven.linkcheck.LinkCheck - Validating apidocs/opendbcopy/swing/package-frame.html
2003-12-30 18:02:34,553 INFO  org.apache.maven.linkcheck.LinkCheck - Validating apidocs/opendbcopy/swing/package-summary.html
2003-12-30 18:02:34,583 INFO  org.apache.maven.linkcheck.LinkCheck - Validating apidocs/opendbcopy/swing/package-tree.html
2003-12-30 18:02:34,613 INFO  org.apache.maven.linkcheck.LinkCheck - Validating apidocs/opendbcopy/swing/package-use.html
2003-12-30 18:02:34,643 INFO  org.apache.maven.linkcheck.LinkCheck - Validating apidocs/opendbcopy/swing/RowEditorModel.html
2003-12-30 18:02:34,693 INFO  org.apache.maven.linkcheck.LinkCheck - Validating apidocs/opendbcopy/task/class-use/SwingWorker.html
2003-12-30 18:02:34,733 INFO  org.apache.maven.linkcheck.LinkCheck - Validating apidocs/opendbcopy/task/class-use/TaskExecute.html
2003-12-30 18:02:34,843 INFO  org.apache.maven.linkcheck.LinkCheck - Validating apidocs/opendbcopy/task/package-frame.html
2003-12-30 18:02:34,853 INFO  org.apache.maven.linkcheck.LinkCheck - Validating apidocs/opendbcopy/task/package-summary.html
2003-12-30 18:02:34,883 INFO  org.apache.maven.linkcheck.LinkCheck - Validating apidocs/opendbcopy/task/package-tree.html
2003-12-30 18:02:34,913 INFO  org.apache.maven.linkcheck.LinkCheck - Validating apidocs/opendbcopy/task/package-use.html
2003-12-30 18:02:34,963 INFO  org.apache.maven.linkcheck.LinkCheck - Validating apidocs/opendbcopy/task/SwingWorker.html
2003-12-30 18:02:35,023 INFO  org.apache.maven.linkcheck.LinkCheck - Validating apidocs/opendbcopy/task/TaskExecute.html
2003-12-30 18:02:35,133 INFO  org.apache.maven.linkcheck.LinkCheck - Validating apidocs/overview-frame.html
2003-12-30 18:02:35,153 INFO  org.apache.maven.linkcheck.LinkCheck - Validating apidocs/overview-summary.html
2003-12-30 18:02:35,194 INFO  org.apache.maven.linkcheck.LinkCheck - Validating apidocs/overview-tree.html
2003-12-30 18:02:35,264 INFO  org.apache.maven.linkcheck.LinkCheck - Validating apidocs/packages.html
2003-12-30 18:02:35,274 INFO  org.apache.maven.linkcheck.LinkCheck - Validating apidocs/serialized-form.html
2003-12-30 18:02:35,464 INFO  org.apache.maven.linkcheck.LinkCheck - Validating changelog-report.html
2003-12-30 18:02:35,534 INFO  org.apache.maven.linkcheck.LinkCheck - Validating checkstyle-report.html
2003-12-30 18:02:39,980 INFO  org.apache.maven.linkcheck.LinkCheck - Validating cvs-usage.html
2003-12-30 18:02:40,020 INFO  org.apache.maven.linkcheck.LinkCheck - Validating dependencies.html
2003-12-30 18:02:40,051 INFO  org.apache.maven.linkcheck.LinkCheck - Validating developer-activity-report.html
2003-12-30 18:02:40,081 INFO  org.apache.maven.linkcheck.LinkCheck - Validating file-activity-report.html
2003-12-30 18:02:40,111 INFO  org.apache.maven.linkcheck.LinkCheck - Validating index.html
2003-12-30 18:02:40,131 INFO  org.apache.maven.linkcheck.LinkCheck - Validating issue-tracking.html
2003-12-30 18:02:40,151 INFO  org.apache.maven.linkcheck.LinkCheck - Validating javadoc.html
2003-12-30 18:02:40,281 INFO  org.apache.maven.linkcheck.LinkCheck - Validating linkcheck.html
2003-12-30 18:02:40,311 INFO  org.apache.maven.linkcheck.LinkCheck - Validating mail-lists.html
2003-12-30 18:02:40,341 INFO  org.apache.maven.linkcheck.LinkCheck - Validating maven-reports.html
2003-12-30 18:02:40,371 INFO  org.apache.maven.linkcheck.LinkCheck - Validating project-info.html
2003-12-30 18:02:40,411 INFO  org.apache.maven.linkcheck.LinkCheck - Validating task-list.html
2003-12-30 18:02:40,471 INFO  org.apache.maven.linkcheck.LinkCheck - Validating team-list.html
2003-12-30 18:02:40,501 INFO  org.apache.maven.linkcheck.LinkCheck - Validating xref/allclasses-frame.html
2003-12-30 18:02:40,571 INFO  org.apache.maven.linkcheck.LinkCheck - Validating xref/index.html
2003-12-30 18:02:40,581 INFO  org.apache.maven.linkcheck.LinkCheck - Validating xref/opendbcopy/action/Actions.html
2003-12-30 18:02:40,621 INFO  org.apache.maven.linkcheck.LinkCheck - Validating xref/opendbcopy/action/OpenFileAction.html
2003-12-30 18:02:40,671 INFO  org.apache.maven.linkcheck.LinkCheck - Validating xref/opendbcopy/action/package-frame.html
2003-12-30 18:02:40,681 INFO  org.apache.maven.linkcheck.LinkCheck - Validating xref/opendbcopy/action/package-summary.html
2003-12-30 18:02:40,691 INFO  org.apache.maven.linkcheck.LinkCheck - Validating xref/opendbcopy/action/SaveFileAction.html
2003-12-30 18:02:40,762 INFO  org.apache.maven.linkcheck.LinkCheck - Validating xref/opendbcopy/action/SimpleAction.html
2003-12-30 18:02:40,802 INFO  org.apache.maven.linkcheck.LinkCheck - Validating xref/opendbcopy/config/Action.html
2003-12-30 18:02:40,842 INFO  org.apache.maven.linkcheck.LinkCheck - Validating xref/opendbcopy/config/APM.html
2003-12-30 18:02:40,872 INFO  org.apache.maven.linkcheck.LinkCheck - Validating xref/opendbcopy/config/FileCharacter.html
2003-12-30 18:02:40,912 INFO  org.apache.maven.linkcheck.LinkCheck - Validating xref/opendbcopy/config/FileType.html
2003-12-30 18:02:40,932 INFO  org.apache.maven.linkcheck.LinkCheck - Validating xref/opendbcopy/config/HTML.html
2003-12-30 18:02:40,982 INFO  org.apache.maven.linkcheck.LinkCheck - Validating xref/opendbcopy/config/MenuName.html
2003-12-30 18:02:41,012 INFO  org.apache.maven.linkcheck.LinkCheck - Validating xref/opendbcopy/config/Metadata.html
2003-12-30 18:02:41,092 INFO  org.apache.maven.linkcheck.LinkCheck - Validating xref/opendbcopy/config/OperationType.html
2003-12-30 18:02:41,122 INFO  org.apache.maven.linkcheck.LinkCheck - Validating xref/opendbcopy/config/package-frame.html
2003-12-30 18:02:41,132 INFO  org.apache.maven.linkcheck.LinkCheck - Validating xref/opendbcopy/config/package-summary.html
2003-12-30 18:02:41,152 INFO  org.apache.maven.linkcheck.LinkCheck - Validating xref/opendbcopy/config/SourceType.html
2003-12-30 18:02:41,172 INFO  org.apache.maven.linkcheck.LinkCheck - Validating xref/opendbcopy/config/XMLTags.html
2003-12-30 18:02:41,352 INFO  org.apache.maven.linkcheck.LinkCheck - Validating xref/opendbcopy/connection/DBConnection.html
2003-12-30 18:02:41,402 INFO  org.apache.maven.linkcheck.LinkCheck - Validating xref/opendbcopy/connection/package-frame.html
2003-12-30 18:02:41,412 INFO  org.apache.maven.linkcheck.LinkCheck - Validating xref/opendbcopy/connection/package-summary.html
2003-12-30 18:02:41,422 INFO  org.apache.maven.linkcheck.LinkCheck - Validating xref/opendbcopy/controller/Arguments.html
2003-12-30 18:02:41,533 INFO  org.apache.maven.linkcheck.LinkCheck - Validating xref/opendbcopy/controller/MainController.html
2003-12-30 18:02:41,653 INFO  org.apache.maven.linkcheck.LinkCheck - Validating xref/opendbcopy/controller/package-frame.html
2003-12-30 18:02:41,663 INFO  org.apache.maven.linkcheck.LinkCheck - Validating xref/opendbcopy/controller/package-summary.html
2003-12-30 18:02:41,673 INFO  org.apache.maven.linkcheck.LinkCheck - Validating xref/opendbcopy/email/MailAppender.html
2003-12-30 18:02:41,743 INFO  org.apache.maven.linkcheck.LinkCheck - Validating xref/opendbcopy/email/package-frame.html
2003-12-30 18:02:41,753 INFO  org.apache.maven.linkcheck.LinkCheck - Validating xref/opendbcopy/email/package-summary.html
2003-12-30 18:02:41,763 INFO  org.apache.maven.linkcheck.LinkCheck - Validating xref/opendbcopy/filter/DateTimeConverter.html
2003-12-30 18:02:41,803 INFO  org.apache.maven.linkcheck.LinkCheck - Validating xref/opendbcopy/filter/package-frame.html
2003-12-30 18:02:41,803 INFO  org.apache.maven.linkcheck.LinkCheck - Validating xref/opendbcopy/filter/package-summary.html
2003-12-30 18:02:41,823 INFO  org.apache.maven.linkcheck.LinkCheck - Validating xref/opendbcopy/filter/StringConverter.html
2003-12-30 18:02:41,863 INFO  org.apache.maven.linkcheck.LinkCheck - Validating xref/opendbcopy/gui/DialogFile.html
2003-12-30 18:02:41,963 INFO  org.apache.maven.linkcheck.LinkCheck - Validating xref/opendbcopy/gui/ExampleFileFilter.html
2003-12-30 18:02:42,083 INFO  org.apache.maven.linkcheck.LinkCheck - Validating xref/opendbcopy/gui/FrameMain.html
2003-12-30 18:02:42,344 INFO  org.apache.maven.linkcheck.LinkCheck - Validating xref/opendbcopy/gui/Menu.html
2003-12-30 18:02:42,414 INFO  org.apache.maven.linkcheck.LinkCheck - Validating xref/opendbcopy/gui/package-frame.html
2003-12-30 18:02:42,424 INFO  org.apache.maven.linkcheck.LinkCheck - Validating xref/opendbcopy/gui/package-summary.html
2003-12-30 18:02:42,454 INFO  org.apache.maven.linkcheck.LinkCheck - Validating xref/opendbcopy/gui/PanelConnection.html
2003-12-30 18:02:42,704 INFO  org.apache.maven.linkcheck.LinkCheck - Validating xref/opendbcopy/gui/PanelExecute.html
2003-12-30 18:02:42,915 INFO  org.apache.maven.linkcheck.LinkCheck - Validating xref/opendbcopy/gui/PanelFilter.html
2003-12-30 18:02:43,075 INFO  org.apache.maven.linkcheck.LinkCheck - Validating xref/opendbcopy/gui/PanelMappingColumn.html
2003-12-30 18:02:43,716 INFO  org.apache.maven.linkcheck.LinkCheck - Validating xref/opendbcopy/gui/PanelMappingTable.html
2003-12-30 18:02:44,146 INFO  org.apache.maven.linkcheck.LinkCheck - Validating xref/opendbcopy/gui/PanelModel.html
2003-12-30 18:02:44,417 INFO  org.apache.maven.linkcheck.LinkCheck - Validating xref/opendbcopy/io/ExportToXML.html
2003-12-30 18:02:44,447 INFO  org.apache.maven.linkcheck.LinkCheck - Validating xref/opendbcopy/io/ImportFromXML.html
2003-12-30 18:02:44,477 INFO  org.apache.maven.linkcheck.LinkCheck - Validating xref/opendbcopy/io/package-frame.html
2003-12-30 18:02:44,487 INFO  org.apache.maven.linkcheck.LinkCheck - Validating xref/opendbcopy/io/package-summary.html
2003-12-30 18:02:44,497 INFO  org.apache.maven.linkcheck.LinkCheck - Validating xref/opendbcopy/io/PropertiesToFile.html
2003-12-30 18:02:44,547 INFO  org.apache.maven.linkcheck.LinkCheck - Validating xref/opendbcopy/io/Reader.html
2003-12-30 18:02:44,587 INFO  org.apache.maven.linkcheck.LinkCheck - Validating xref/opendbcopy/io/Writer.html
2003-12-30 18:02:44,607 INFO  org.apache.maven.linkcheck.LinkCheck - Validating xref/opendbcopy/model/dependency/Dependency.html
2003-12-30 18:02:44,787 INFO  org.apache.maven.linkcheck.LinkCheck - Validating xref/opendbcopy/model/dependency/Mapper.html
2003-12-30 18:02:44,918 INFO  org.apache.maven.linkcheck.LinkCheck - Validating xref/opendbcopy/model/dependency/Node.html
2003-12-30 18:02:45,028 INFO  org.apache.maven.linkcheck.LinkCheck - Validating xref/opendbcopy/model/dependency/package-frame.html
2003-12-30 18:02:45,028 INFO  org.apache.maven.linkcheck.LinkCheck - Validating xref/opendbcopy/model/dependency/package-summary.html
2003-12-30 18:02:45,048 INFO  org.apache.maven.linkcheck.LinkCheck - Validating xref/opendbcopy/model/Mapping.html
2003-12-30 18:02:45,188 INFO  org.apache.maven.linkcheck.LinkCheck - Validating xref/opendbcopy/model/ModelReader.html
2003-12-30 18:02:45,468 INFO  org.apache.maven.linkcheck.LinkCheck - Validating xref/opendbcopy/model/package-frame.html
2003-12-30 18:02:45,478 INFO  org.apache.maven.linkcheck.LinkCheck - Validating xref/opendbcopy/model/package-summary.html
2003-12-30 18:02:45,488 INFO  org.apache.maven.linkcheck.LinkCheck - Validating xref/opendbcopy/model/ProjectManager.html
2003-12-30 18:02:45,639 INFO  org.apache.maven.linkcheck.LinkCheck - Validating xref/opendbcopy/model/ProjectModel.html
2003-12-30 18:02:46,520 INFO  org.apache.maven.linkcheck.LinkCheck - Validating xref/opendbcopy/model/ProjectModelParser.html
2003-12-30 18:02:46,900 INFO  org.apache.maven.linkcheck.LinkCheck - Validating xref/opendbcopy/model/Test.html
2003-12-30 18:02:46,940 INFO  org.apache.maven.linkcheck.LinkCheck - Validating xref/opendbcopy/model/typeinfo/package-frame.html
2003-12-30 18:02:46,950 INFO  org.apache.maven.linkcheck.LinkCheck - Validating xref/opendbcopy/model/typeinfo/package-summary.html
2003-12-30 18:02:46,960 INFO  org.apache.maven.linkcheck.LinkCheck - Validating xref/opendbcopy/model/typeinfo/TypeInfo.html
2003-12-30 18:02:47,041 INFO  org.apache.maven.linkcheck.LinkCheck - Validating xref/opendbcopy/model/typeinfo/TypeInfoHelper.html
2003-12-30 18:02:47,071 INFO  org.apache.maven.linkcheck.LinkCheck - Validating xref/opendbcopy/plugin/Execute.html
2003-12-30 18:02:47,101 INFO  org.apache.maven.linkcheck.LinkCheck - Validating xref/opendbcopy/plugin/ExecuteSkeleton.html
2003-12-30 18:02:47,271 INFO  org.apache.maven.linkcheck.LinkCheck - Validating xref/opendbcopy/plugin/najs/NAJSCopy.html
2003-12-30 18:02:47,481 INFO  org.apache.maven.linkcheck.LinkCheck - Validating xref/opendbcopy/plugin/najs/package-frame.html
2003-12-30 18:02:47,571 INFO  org.apache.maven.linkcheck.LinkCheck - Validating xref/opendbcopy/plugin/najs/package-summary.html
2003-12-30 18:02:47,591 INFO  org.apache.maven.linkcheck.LinkCheck - Validating xref/opendbcopy/plugin/package-frame.html
2003-12-30 18:02:47,601 INFO  org.apache.maven.linkcheck.LinkCheck - Validating xref/opendbcopy/plugin/package-summary.html
2003-12-30 18:02:47,621 INFO  org.apache.maven.linkcheck.LinkCheck - Validating xref/opendbcopy/plugin/standard/copy/CopyMapping.html
2003-12-30 18:02:47,762 INFO  org.apache.maven.linkcheck.LinkCheck - Validating xref/opendbcopy/plugin/standard/copy/package-frame.html
2003-12-30 18:02:47,772 INFO  org.apache.maven.linkcheck.LinkCheck - Validating xref/opendbcopy/plugin/standard/copy/package-summary.html
2003-12-30 18:02:47,792 INFO  org.apache.maven.linkcheck.LinkCheck - Validating xref/opendbcopy/plugin/standard/CopyMapping.html
2003-12-30 18:02:47,932 INFO  org.apache.maven.linkcheck.LinkCheck - Validating xref/opendbcopy/plugin/standard/CreateDataScript.html
2003-12-30 18:02:48,122 INFO  org.apache.maven.linkcheck.LinkCheck - Validating xref/opendbcopy/plugin/standard/CreateTableScript.html
2003-12-30 18:02:48,272 INFO  org.apache.maven.linkcheck.LinkCheck - Validating xref/opendbcopy/plugin/standard/delete/DeleteDestinationTable.html
2003-12-30 18:02:48,352 INFO  org.apache.maven.linkcheck.LinkCheck - Validating xref/opendbcopy/plugin/standard/delete/package-frame.html
2003-12-30 18:02:48,352 INFO  org.apache.maven.linkcheck.LinkCheck - Validating xref/opendbcopy/plugin/standard/delete/package-summary.html
2003-12-30 18:02:48,372 INFO  org.apache.maven.linkcheck.LinkCheck - Validating xref/opendbcopy/plugin/standard/DeleteDestinationTable.html
2003-12-30 18:02:48,473 INFO  org.apache.maven.linkcheck.LinkCheck - Validating xref/opendbcopy/plugin/standard/dump/DumpToFileDelimited.html
2003-12-30 18:02:49,154 INFO  org.apache.maven.linkcheck.LinkCheck - Validating xref/opendbcopy/plugin/standard/dump/package-frame.html
2003-12-30 18:02:49,164 INFO  org.apache.maven.linkcheck.LinkCheck - Validating xref/opendbcopy/plugin/standard/dump/package-summary.html
2003-12-30 18:02:49,174 INFO  org.apache.maven.linkcheck.LinkCheck - Validating xref/opendbcopy/plugin/standard/DumpToFile.html
2003-12-30 18:02:49,314 INFO  org.apache.maven.linkcheck.LinkCheck - Validating xref/opendbcopy/plugin/standard/package-frame.html
2003-12-30 18:02:49,354 INFO  org.apache.maven.linkcheck.LinkCheck - Validating xref/opendbcopy/plugin/standard/package-summary.html
2003-12-30 18:02:49,404 INFO  org.apache.maven.linkcheck.LinkCheck - Validating xref/opendbcopy/plugin/standard/script/CreateDataScript.html
2003-12-30 18:02:49,544 INFO  org.apache.maven.linkcheck.LinkCheck - Validating xref/opendbcopy/plugin/standard/script/package-frame.html
2003-12-30 18:02:49,544 INFO  org.apache.maven.linkcheck.LinkCheck - Validating xref/opendbcopy/plugin/standard/script/package-summary.html
2003-12-30 18:02:49,564 INFO  org.apache.maven.linkcheck.LinkCheck - Validating xref/opendbcopy/plugin/standard/statistics/package-frame.html
2003-12-30 18:02:49,574 INFO  org.apache.maven.linkcheck.LinkCheck - Validating xref/opendbcopy/plugin/standard/statistics/package-summary.html
2003-12-30 18:02:49,594 INFO  org.apache.maven.linkcheck.LinkCheck - Validating xref/opendbcopy/plugin/standard/statistics/ReadStatistics.html
2003-12-30 18:02:49,634 INFO  org.apache.maven.linkcheck.LinkCheck - Validating xref/opendbcopy/plugin/standard/statistics/StatReader.html
2003-12-30 18:02:49,694 INFO  org.apache.maven.linkcheck.LinkCheck - Validating xref/opendbcopy/plugin/standard/statistics/StatWriter.html
2003-12-30 18:02:49,784 INFO  org.apache.maven.linkcheck.LinkCheck - Validating xref/opendbcopy/plugin/standard/statistics/WriteStatisticsToFile.html
2003-12-30 18:02:49,825 INFO  org.apache.maven.linkcheck.LinkCheck - Validating xref/opendbcopy/plugin/standard/Statistics.html
2003-12-30 18:02:49,975 INFO  org.apache.maven.linkcheck.LinkCheck - Validating xref/opendbcopy/sql/package-frame.html
2003-12-30 18:02:49,975 INFO  org.apache.maven.linkcheck.LinkCheck - Validating xref/opendbcopy/sql/package-summary.html
2003-12-30 18:02:49,995 INFO  org.apache.maven.linkcheck.LinkCheck - Validating xref/opendbcopy/sql/SQL.html
2003-12-30 18:02:50,035 INFO  org.apache.maven.linkcheck.LinkCheck - Validating xref/opendbcopy/swing/JTableX.html
2003-12-30 18:02:50,125 INFO  org.apache.maven.linkcheck.LinkCheck - Validating xref/opendbcopy/swing/package-frame.html
2003-12-30 18:02:50,135 INFO  org.apache.maven.linkcheck.LinkCheck - Validating xref/opendbcopy/swing/package-summary.html
2003-12-30 18:02:50,145 INFO  org.apache.maven.linkcheck.LinkCheck - Validating xref/opendbcopy/swing/RowEditorModel.html
2003-12-30 18:02:50,185 INFO  org.apache.maven.linkcheck.LinkCheck - Validating xref/opendbcopy/task/package-frame.html
2003-12-30 18:02:50,185 INFO  org.apache.maven.linkcheck.LinkCheck - Validating xref/opendbcopy/task/package-summary.html
2003-12-30 18:02:50,205 INFO  org.apache.maven.linkcheck.LinkCheck - Validating xref/opendbcopy/task/SwingWorker.html
2003-12-30 18:02:50,295 INFO  org.apache.maven.linkcheck.LinkCheck - Validating xref/opendbcopy/task/TaskExecute.html
2003-12-30 18:02:50,445 INFO  org.apache.maven.linkcheck.LinkCheck - Validating xref/overview-frame.html
2003-12-30 18:02:50,465 INFO  org.apache.maven.linkcheck.LinkCheck - Validating xref/overview-summary.html
2003-12-30 18:02:53,139 WARN  org.apache.commons.jelly.tags.ant.AntTag - Could not convert tag: a into an Ant task, data type or property
2003-12-30 18:02:53,139 WARN  org.apache.commons.jelly.tags.ant.AntTag - Could not convert tag: img into an Ant task, data type or property
2003-12-30 18:02:53,139 WARN  org.apache.commons.jelly.tags.ant.AntTag - Could not convert tag: a into an Ant task, data type or property
2003-12-30 18:02:53,139 WARN  org.apache.commons.jelly.tags.ant.AntTag - Could not convert tag: img into an Ant task, data type or property
2003-12-30 18:02:53,139 WARN  org.apache.commons.jelly.tags.ant.AntTag - Could not convert tag: a into an Ant task, data type or property
2003-12-30 18:02:53,139 WARN  org.apache.commons.jelly.tags.ant.AntTag - Could not convert tag: img into an Ant task, data type or property
2003-12-30 18:02:53,149 WARN  org.apache.commons.jelly.tags.ant.AntTag - Could not convert tag: a into an Ant task, data type or property
2003-12-30 18:02:53,149 WARN  org.apache.commons.jelly.tags.ant.AntTag - Could not convert tag: img into an Ant task, data type or property
2003-12-30 18:02:53,149 WARN  org.apache.commons.jelly.tags.ant.AntTag - Could not convert tag: a into an Ant task, data type or property
2003-12-30 18:02:53,149 WARN  org.apache.commons.jelly.tags.ant.AntTag - Could not convert tag: img into an Ant task, data type or property
2003-12-30 18:02:53,149 WARN  org.apache.commons.jelly.tags.ant.AntTag - Could not convert tag: a into an Ant task, data type or property
2003-12-30 18:02:53,149 WARN  org.apache.commons.jelly.tags.ant.AntTag - Could not convert tag: img into an Ant task, data type or property
2003-12-30 18:02:53,149 WARN  org.apache.commons.jelly.tags.ant.AntTag - Could not convert tag: a into an Ant task, data type or property
2003-12-30 18:02:53,149 WARN  org.apache.commons.jelly.tags.ant.AntTag - Could not convert tag: img into an Ant task, data type or property
2003-12-30 18:02:53,149 WARN  org.apache.commons.jelly.tags.ant.AntTag - Could not convert tag: a into an Ant task, data type or property
2003-12-30 18:02:53,149 WARN  org.apache.commons.jelly.tags.ant.AntTag - Could not convert tag: img into an Ant task, data type or property
2003-12-30 18:02:53,159 WARN  org.apache.commons.jelly.tags.ant.AntTag - Could not convert tag: a into an Ant task, data type or property
2003-12-30 18:02:53,159 WARN  org.apache.commons.jelly.tags.ant.AntTag - Could not convert tag: img into an Ant task, data type or property
2003-12-30 18:02:53,159 WARN  org.apache.commons.jelly.tags.ant.AntTag - Could not convert tag: a into an Ant task, data type or property
2003-12-30 18:02:53,159 WARN  org.apache.commons.jelly.tags.ant.AntTag - Could not convert tag: img into an Ant task, data type or property
2003-12-30 18:02:53,159 WARN  org.apache.commons.jelly.tags.ant.AntTag - Could not convert tag: a into an Ant task, data type or property
2003-12-30 18:02:53,159 WARN  org.apache.commons.jelly.tags.ant.AntTag - Could not convert tag: img into an Ant task, data type or property
2003-12-30 18:02:53,159 WARN  org.apache.commons.jelly.tags.ant.AntTag - Could not convert tag: a into an Ant task, data type or property
2003-12-30 18:02:53,159 WARN  org.apache.commons.jelly.tags.ant.AntTag - Could not convert tag: img into an Ant task, data type or property
2003-12-30 18:02:53,159 WARN  org.apache.commons.jelly.tags.ant.AntTag - Could not convert tag: a into an Ant task, data type or property
2003-12-30 18:02:53,159 WARN  org.apache.commons.jelly.tags.ant.AntTag - Could not convert tag: img into an Ant task, data type or property
2003-12-30 18:02:53,169 INFO  org.apache.maven.cli.App - Total time: 1 minutes 21 seconds
2003-12-30 18:02:53,169 INFO  org.apache.maven.cli.App - Finished at: Tue Dec 30 18:02:53 CET 2003
2003-12-30 18:02:53,169 INFO  org.apache.maven.cli.App - 
